#PROT_ID	XREF_ID (not found in) FILE
6609	Q8X0Q6	neucr.uniprot
1742	Q7RXW0	neucr.uniprot
9595	Q9C2Q7	neucr.uniprot
4797	Q7S2N5	neucr.uniprot
5647	Q7S3C2	neucr.uniprot
3551	Q872A4	neucr.uniprot
7034	Q872M4	neucr.uniprot
8479	Q7S0Z8	neucr.uniprot
9168	Q7SDX4	neucr.uniprot
2894	Q7RXX1	neucr.uniprot
5010	Q8J1Y9	neucr.uniprot
820	A7UXA9	neucr.uniprot
6088	Q9C216	neucr.uniprot
83	Q872J3	neucr.uniprot
5330	Q9P758	neucr.uniprot
3517	Q9C237	neucr.uniprot
3933	Q8X0L8	neucr.uniprot
1782	Q9P5K7	neucr.uniprot
3777	Q9P399	neucr.uniprot
1816	Q7SFI3	neucr.uniprot
9479	Q7SA55	neucr.uniprot
4536	Q7S6E7	neucr.uniprot
9702	Q872E5	neucr.uniprot
9292	Q7SH97	neucr.uniprot
8974	Q8WZW1	neucr.uniprot
9753	Q872Y8	neucr.uniprot
5919	Q86ZG5	neucr.uniprot
4704	Q870X7	neucr.uniprot
6715	Q872D8	neucr.uniprot
8750	Q8X0Q3	neucr.uniprot
8303	Q9HEK2	neucr.uniprot
4324	Q9C2F5	neucr.uniprot
905	Q8X090	neucr.uniprot
2949	Q870T0	neucr.uniprot
7635	Q872D3	neucr.uniprot
6617	Q8X0G6	neucr.uniprot
891	Q9C2E7	neucr.uniprot
1953	Q1K781	neucr.uniprot
5103	Q8X0N1	neucr.uniprot
6532	Q872X7	neucr.uniprot
1532	Q9C2R7	neucr.uniprot
4034	Q7S774	neucr.uniprot
4886	Q872X5	neucr.uniprot
8867	Q871E0	neucr.uniprot
3529	Q8X0U7	neucr.uniprot
3215	Q7SFH9	neucr.uniprot
257	Q8X094	neucr.uniprot
368	Q7SFX2	neucr.uniprot
3487	Q96UD0	neucr.uniprot
5654	Q9P3H7	neucr.uniprot
7543	Q7S9J3	neucr.uniprot
6312	Q9P743	neucr.uniprot
7901	Q7S3T8	neucr.uniprot
8001	Q871I6	neucr.uniprot
2849	Q7S6C1	neucr.uniprot
2547	Q7S9B9	neucr.uniprot
8600	Q8X052	neucr.uniprot
8556	Q1K6I6	neucr.uniprot
2563	Q7SHF8	neucr.uniprot
9500	Q7RYG3	neucr.uniprot
6720	Q7SDE1	neucr.uniprot
2669	Q9P542	neucr.uniprot
7451	Q872R4	neucr.uniprot
118	Q9C2D8	neucr.uniprot
5037	A7UWB4	neucr.uniprot
3756	Q9P3F5	neucr.uniprot
4348	Q7S9L0	neucr.uniprot
1175	Q8X0N4	neucr.uniprot
1891	Q7SE26	neucr.uniprot
362	Q9C1L1	neucr.uniprot
7128	Q8NIV0	neucr.uniprot
2363	Q871E1	neucr.uniprot
7352	Q7S7T3	neucr.uniprot
6694	Q86ZI3	neucr.uniprot
9766	Q7S5W6	neucr.uniprot
8137	A7UX68	neucr.uniprot
9055	Q9HEB7	neucr.uniprot
7571	Q872Z9	neucr.uniprot
2736	Q8WZQ8	neucr.uniprot
3457	Q9P387	neucr.uniprot
6506	Q9C214	neucr.uniprot
1321	Q96U57	neucr.uniprot
5270	Q7S810	neucr.uniprot
9664	Q872K6	neucr.uniprot
3795	Q8X046	neucr.uniprot
1996	Q7S5H3	neucr.uniprot
5788	Q9C2K2	neucr.uniprot
5068	Q8X0B8	neucr.uniprot
408	Q9Y7G6	neucr.uniprot
4311	Q7RYQ1	neucr.uniprot
2213	Q8X0L5	neucr.uniprot
733	Q7SGQ3	neucr.uniprot
8990	A7UW42	neucr.uniprot
2595	Q7RWS6	neucr.uniprot
2753	Q9P3C9	neucr.uniprot
3936	Q7S076	neucr.uniprot
5733	Q871C7	neucr.uniprot
9183	Q872B0	neucr.uniprot
2984	Q7RZP4	neucr.uniprot
2138	Q9P5L1	neucr.uniprot
7083	Q7RZY8	neucr.uniprot
5034	A3RNH8	neucr.uniprot
290	Q7S599	neucr.uniprot
1364	Q8X0T1	neucr.uniprot
790	Q8WZX2	neucr.uniprot
1251	Q7SHC4	neucr.uniprot
8017	Q96TZ4	neucr.uniprot
1088	Q871Z7	neucr.uniprot
7768	Q9C2I1	neucr.uniprot
9776	Q8X0G2	neucr.uniprot
5432	Q7S9D3	neucr.uniprot
9670	Q9HE48	neucr.uniprot
1876	Q873J0	neucr.uniprot
5560	Q9P3K1	neucr.uniprot
3755	Q7S1Y2	neucr.uniprot
5016	Q8WZL0	neucr.uniprot
7944	A7UX43	neucr.uniprot
9523	Q871V6	neucr.uniprot
3291	Q870X9	neucr.uniprot
6887	Q9C2N6	neucr.uniprot
5458	Q9P504	neucr.uniprot
3698	Q7S6U2	neucr.uniprot
1746	Q9P395	neucr.uniprot
9694	Q7S2K5	neucr.uniprot
9773	Q8X0A9	neucr.uniprot
9294	Q7S7M0	neucr.uniprot
5950	Q8X0C6	neucr.uniprot
8534	A7UX84	neucr.uniprot
807	Q870N6	neucr.uniprot
8184	Q8WZU0	neucr.uniprot
6242	A7UWR8	neucr.uniprot
4607	Q872M5	neucr.uniprot
2831	Q8NIU3	neucr.uniprot
99	Q870X5	neucr.uniprot
7572	A7UXC0	neucr.uniprot
4640	Q871Q7	neucr.uniprot
530	Q9P4X7	neucr.uniprot
6220	Q7RUX6	neucr.uniprot
1655	Q7SB94	neucr.uniprot
3682	Q7S7U9	neucr.uniprot
8885	Q7SG80	neucr.uniprot
5717	Q7SHR7	neucr.uniprot
636	Q9P466	neucr.uniprot
6261	Q7S4I7	neucr.uniprot
1895	Q871L4	neucr.uniprot
1109	Q9HEI5	neucr.uniprot
4970	Q9P3C3	neucr.uniprot
7672	Q8NIW3	neucr.uniprot
6421	Q7RXV7	neucr.uniprot
8923	A7UWL8	neucr.uniprot
3810	Q7SD83	neucr.uniprot
8032	Q7SCZ6	neucr.uniprot
4594	Q7RWQ8	neucr.uniprot
1785	Q8X0L7	neucr.uniprot
8604	Q7SA39	neucr.uniprot
1110	Q870P6	neucr.uniprot
8022	Q7S4T2	neucr.uniprot
4088	Q7S2P2	neucr.uniprot
7714	Q7S6T1	neucr.uniprot
6172	Q7S7V9	neucr.uniprot
9182	Q7S2I0	neucr.uniprot
6899	Q86ZG1	neucr.uniprot
2565	Q9HFK5	neucr.uniprot
8715	Q7S3X8	neucr.uniprot
1831	Q870T8	neucr.uniprot
5384	Q7S1W9	neucr.uniprot
3463	Q7SCD1	neucr.uniprot
7655	A7UWS1	neucr.uniprot
535	Q96U98	neucr.uniprot
5370	Q871F3	neucr.uniprot
1181	Q1K7Y1	neucr.uniprot
1280	Q7SGE8	neucr.uniprot
6745	Q7RY99	neucr.uniprot
1727	Q8X062	neucr.uniprot
4547	Q8X0E1	neucr.uniprot
9572	A7UWU5	neucr.uniprot
3768	Q872I0	neucr.uniprot
2076	Q96TY7	neucr.uniprot
1383	Q9C2J9	neucr.uniprot
5547	Q7RXR6	neucr.uniprot
2235	Q7SD39	neucr.uniprot
5326	Q7SES4	neucr.uniprot
2816	Q8NJ09	neucr.uniprot
775	Q7SGA2	neucr.uniprot
8939	Q8X086	neucr.uniprot
7187	Q8X0M3	neucr.uniprot
78	Q7S261	neucr.uniprot
2854	Q8X0R5	neucr.uniprot
6497	A7UWD9	neucr.uniprot
5195	Q7SFR1	neucr.uniprot
1729	Q7SGU9	neucr.uniprot
5316	Q96UE8	neucr.uniprot
6655	Q9HEF5	neucr.uniprot
5514	Q8X0W6	neucr.uniprot
3624	Q872U1	neucr.uniprot
4967	Q7SDS6	neucr.uniprot
293	Q9C259	neucr.uniprot
4166	Q7S085	neucr.uniprot
425	Q7RYG6	neucr.uniprot
5658	Q9P3P5	neucr.uniprot
7876	Q7SBP8	neucr.uniprot
6414	Q873K9	neucr.uniprot
8758	Q871U8	neucr.uniprot
1182	Q7S6I6	neucr.uniprot
7568	Q96UD1	neucr.uniprot
1082	A7UWZ6	neucr.uniprot
9591	Q7S7T2	neucr.uniprot
7033	Q9P3N8	neucr.uniprot
8508	Q7SE58	neucr.uniprot
9083	Q7S139	neucr.uniprot
5158	Q9P5T2	neucr.uniprot
7494	Q872X4	neucr.uniprot
3407	Q873F4	neucr.uniprot
360	Q9P5P9	neucr.uniprot
715	Q96U46	neucr.uniprot
8187	Q96UE9	neucr.uniprot
9605	Q7RXB9	neucr.uniprot
6073	Q9C236	neucr.uniprot
6507	Q8X0T8	neucr.uniprot
8117	P13117	neucr.uniprot
8579	Q8X0E5	neucr.uniprot
1672	Q871F5	neucr.uniprot
7323	Q870R1	neucr.uniprot
751	Q9UUY1	neucr.uniprot
6191	Q9HFL0	neucr.uniprot
4345	Q7S6K2	neucr.uniprot
5885	Q8X030	neucr.uniprot
8092	Q7RZY3	neucr.uniprot
1900	Q7RYN7	neucr.uniprot
4225	Q9HEL7	neucr.uniprot
3669	Q7RWN9	neucr.uniprot
450	Q8X139	neucr.uniprot
7828	Q7RZN1	neucr.uniprot
9560	Q7RXL0	neucr.uniprot
9680	Q870P1	neucr.uniprot
4257	Q1K5Q1	neucr.uniprot
6763	Q7SHR4	neucr.uniprot
9618	Q9HEI4	neucr.uniprot
3467	Q7S2F4	neucr.uniprot
5512	Q8X0J7	neucr.uniprot
2889	A7UWX3	neucr.uniprot
6738	Q872X2	neucr.uniprot
629	Q9C2L3	neucr.uniprot
7665	Q9HFJ2	neucr.uniprot
4589	A7UWD8	neucr.uniprot
4654	Q8X007	neucr.uniprot
6570	Q870T3	neucr.uniprot
4981	A7UX49	neucr.uniprot
5640	Q7RWX1	neucr.uniprot
4466	Q9C2H8	neucr.uniprot
8523	Q7S6V5	neucr.uniprot
5472	Q8X0F7	neucr.uniprot
7553	Q7SAG4	neucr.uniprot
8468	A7UX98	neucr.uniprot
5334	A7UX62	neucr.uniprot
1430	A7UVS9	neucr.uniprot
8013	Q871Q4	neucr.uniprot
8661	Q7RW30	neucr.uniprot
8434	Q7RYI2	neucr.uniprot
2804	Q8NIZ3	neucr.uniprot
3400	Q7SAB1	neucr.uniprot
4214	Q8NIX1	neucr.uniprot
9775	Q9P4Y2	neucr.uniprot
6222	Q8NIY5	neucr.uniprot
5750	Q9P6U3	neucr.uniprot
2650	Q1K5W5	neucr.uniprot
4956	Q7SCA8	neucr.uniprot
8505	Q7S449	neucr.uniprot
651	A7UWN4	neucr.uniprot
3771	Q8WZX4	neucr.uniprot
265	Q9C2E2	neucr.uniprot
5003	Q9P627	neucr.uniprot
9459	Q96TZ7	neucr.uniprot
5268	Q872C3	neucr.uniprot
1073	Q870V6	neucr.uniprot
8142	Q9P5S3	neucr.uniprot
4562	A7UWT4	neucr.uniprot
2928	Q9HEE3	neucr.uniprot
6900	A7UWN6	neucr.uniprot
9606	Q873Q7	neucr.uniprot
8591	Q1K749	neucr.uniprot
8438	Q9P3M9	neucr.uniprot
1536	Q7SFA5	neucr.uniprot
2927	Q7SB55	neucr.uniprot
7377	Q7SDW5	neucr.uniprot
7613	A7UWZ3	neucr.uniprot
4091	Q7SAD5	neucr.uniprot
1506	Q7SEV7	neucr.uniprot
1062	Q872T3	neucr.uniprot
9445	Q9P6T4	neucr.uniprot
5178	Q7SFN7	neucr.uniprot
5620	Q9P3D3	neucr.uniprot
433	Q8X0X1	neucr.uniprot
983	Q7RYR2	neucr.uniprot
6149	Q7S4D4	neucr.uniprot
3864	Q7S124	neucr.uniprot
8920	Q7S2G8	neucr.uniprot
2966	Q7S9S9	neucr.uniprot
8721	Q7S9U5	neucr.uniprot
4135	Q871M7	neucr.uniprot
3151	Q9C2R4	neucr.uniprot
3069	Q7SAT7	neucr.uniprot
8185	Q7S8N4	neucr.uniprot
4609	Q7SEK7	neucr.uniprot
5221	A7UWT9	neucr.uniprot
6235	Q9HEF7	neucr.uniprot
4056	Q9P5S9	neucr.uniprot
2157	Q9P5X3	neucr.uniprot
3557	A7UWP2	neucr.uniprot
3604	Q9P6X4	neucr.uniprot
3629	Q9P6A4	neucr.uniprot
5049	Q7RYH2	neucr.uniprot
7137	A7UW22	neucr.uniprot
3965	Q7RWJ7	neucr.uniprot
6676	Q7RW54	neucr.uniprot
223	Q7SAI6	neucr.uniprot
7730	Q7SCD7	neucr.uniprot
5977	Q872I4	neucr.uniprot
3618	Q86ZI2	neucr.uniprot
8175	Q8X0N2	neucr.uniprot
5241	Q8WZU9	neucr.uniprot
2621	Q96UE3	neucr.uniprot
7015	Q8NIU2	neucr.uniprot
8337	Q872W4	neucr.uniprot
2065	Q9C244	neucr.uniprot
3688	Q7SDR2	neucr.uniprot
7917	Q96U85	neucr.uniprot
8536	Q7S8D6	neucr.uniprot
4974	Q7SDE9	neucr.uniprot
2975	Q7S9P2	neucr.uniprot
3288	Q7S9K1	neucr.uniprot
7093	Q7S3Y1	neucr.uniprot
8889	Q96TY3	neucr.uniprot
5868	Q8NIX4	neucr.uniprot
89	Q872R2	neucr.uniprot
7421	Q7RWV8	neucr.uniprot
4760	Q9C2B4	neucr.uniprot
2142	A7UWH4	neucr.uniprot
8912	Q7SB63	neucr.uniprot
2169	Q7S6E5	neucr.uniprot
823	Q9C2D3	neucr.uniprot
8041	A7UXE6	neucr.uniprot
2983	Q8X043	neucr.uniprot
7910	Q7SF70	neucr.uniprot
9826	Q7S6V0	neucr.uniprot
3833	Q1K8I9	neucr.uniprot
578	Q7S359	neucr.uniprot
579	Q8X040	neucr.uniprot
8345	Q872I3	neucr.uniprot
1890	Q9P3H9	neucr.uniprot
1360	Q9C2R1	neucr.uniprot
8210	Q871D4	neucr.uniprot
6084	Q8X0D5	neucr.uniprot
6443	Q7SE59	neucr.uniprot
2395	Q7S9H4	neucr.uniprot
7367	Q7SGN6	neucr.uniprot
8241	Q7RZV5	neucr.uniprot
3324	Q7RXP7	neucr.uniprot
3255	Q9HEM4	neucr.uniprot
7479	Q8X0K8	neucr.uniprot
1503	Q8X091	neucr.uniprot
3510	Q8X099	neucr.uniprot
6700	Q7SA47	neucr.uniprot
4858	A7UWF7	neucr.uniprot
5793	Q9P654	neucr.uniprot
8281	Q870T9	neucr.uniprot
3966	Q9P3P6	neucr.uniprot
9810	Q9P665	neucr.uniprot
1578	A7UWW9	neucr.uniprot
6799	Q7S2G1	neucr.uniprot
2738	Q7RVN8	neucr.uniprot
914	A7UX92	neucr.uniprot
8700	Q8NIZ7	neucr.uniprot
5923	Q7SHN9	neucr.uniprot
2483	Q7RY62	neucr.uniprot
2283	Q2LC61	neucr.uniprot
1108	Q8J276	neucr.uniprot
292	O74724	neucr.uniprot
2130	Q873H2	neucr.uniprot
2242	Q872V5	neucr.uniprot
1236	Q872S4	neucr.uniprot
6641	Q9HE41	neucr.uniprot
5363	Q7S8R1	neucr.uniprot
6441	Q7S2P6	neucr.uniprot
9751	Q7SHL2	neucr.uniprot
5549	Q9HEJ3	neucr.uniprot
1988	Q9P619	neucr.uniprot
189	Q7RX13	neucr.uniprot
6	Q7S6H5	neucr.uniprot
4763	Q871S6	neucr.uniprot
5106	Q871N7	neucr.uniprot
80	Q7SEN0	neucr.uniprot
803	Q870W2	neucr.uniprot
8445	Q7S2H3	neucr.uniprot
7214	Q7SAJ5	neucr.uniprot
9080	Q8X0A7	neucr.uniprot
3913	Q870Z9	neucr.uniprot
3310	Q9P5Y3	neucr.uniprot
813	Q9HE51	neucr.uniprot
588	Q9P6D1	neucr.uniprot
109	Q873H0	neucr.uniprot
5048	Q870Z1	neucr.uniprot
7576	Q7S2G5	neucr.uniprot
5210	Q9P5W2	neucr.uniprot
3547	Q9C2M3	neucr.uniprot
7856	Q8NIZ9	neucr.uniprot
3161	Q7S7K2	neucr.uniprot
4433	Q7SB83	neucr.uniprot
7817	Q8WZS4	neucr.uniprot
9142	Q96U38	neucr.uniprot
7166	Q86ZI4	neucr.uniprot
7890	Q7RY02	neucr.uniprot
2338	Q7SD41	neucr.uniprot
3466	Q7SHB9	neucr.uniprot
7108	Q7SDE6	neucr.uniprot
7560	Q7S1A5	neucr.uniprot
7509	Q7S4Q8	neucr.uniprot
5030	Q7S6C4	neucr.uniprot
4097	Q8X0J1	neucr.uniprot
7115	A7UWR9	neucr.uniprot
7737	Q7S5D7	neucr.uniprot
2256	Q9Y7F3	neucr.uniprot
7855	Q7SDF6	neucr.uniprot
5382	Q7SAB6	neucr.uniprot
6957	Q9C2J3	neucr.uniprot
8114	Q872Q3	neucr.uniprot
9709	A7UXE3	neucr.uniprot
7652	Q7SGT2	neucr.uniprot
8528	Q9P718	neucr.uniprot
1133	Q1K7I7	neucr.uniprot
4788	Q9P725	neucr.uniprot
5021	Q870Q8	neucr.uniprot
9583	Q7RVY3	neucr.uniprot
82	Q6M927	neucr.uniprot
7824	Q7RYK5	neucr.uniprot
7204	Q96U75	neucr.uniprot
1349	Q9P604	neucr.uniprot
1609	Q8X0G7	neucr.uniprot
966	Q7S9Y1	neucr.uniprot
5253	Q7RWR6	neucr.uniprot
9190	Q8WZQ0	neucr.uniprot
5930	Q7S792	neucr.uniprot
930	Q871Y4	neucr.uniprot
8146	O13336	neucr.uniprot
2986	Q7SC26	neucr.uniprot
6958	Q7RW22	neucr.uniprot
7741	Q872I6	neucr.uniprot
7411	Q9P3F8	neucr.uniprot
6848	A7UWA8	neucr.uniprot
6951	Q7SD04	neucr.uniprot
5190	Q7S6R8	neucr.uniprot
8644	Q7SAN1	neucr.uniprot
224	Q7S9U3	neucr.uniprot
5569	Q8X053	neucr.uniprot
5494	Q7S679	neucr.uniprot
7086	Q871I1	neucr.uniprot
8537	Q7S367	neucr.uniprot
4667	Q870V1	neucr.uniprot
2319	Q96UD9	neucr.uniprot
9074	Q7RXT6	neucr.uniprot
8320	Q9P708	neucr.uniprot
8876	A7UWS9	neucr.uniprot
4319	Q872W8	neucr.uniprot
363	Q7SF21	neucr.uniprot
1533	Q7S7G4	neucr.uniprot
961	Q8WZV4	neucr.uniprot
1944	Q8NIX6	neucr.uniprot
8251	A7UWX4	neucr.uniprot
8095	Q7SGR8	neucr.uniprot
3450	A7UWY4	neucr.uniprot
5071	Q872L8	neucr.uniprot
39	Q7S8U2	neucr.uniprot
9761	Q96U28	neucr.uniprot
6416	Q9P5P6	neucr.uniprot
1207	Q7SDV0	neucr.uniprot
2091	Q7SA87	neucr.uniprot
3321	Q870N7	neucr.uniprot
5372	Q7S7K0	neucr.uniprot
3988	Q872B6	neucr.uniprot
3718	Q9P3I1	neucr.uniprot
907	Q6MUZ9	neucr.uniprot
6010	Q7S7Y7	neucr.uniprot
6633	Q8WZZ5	neucr.uniprot
7999	A7UX36	neucr.uniprot
1794	Q7SF10	neucr.uniprot
7831	Q7S8A7	neucr.uniprot
5626	Q7S457	neucr.uniprot
32	Q7S978	neucr.uniprot
4015	Q8X0J5	neucr.uniprot
3918	Q8X0Y7	neucr.uniprot
8016	Q7S229	neucr.uniprot
3807	Q7SH79	neucr.uniprot
8782	P87210	neucr.uniprot
1393	Q8NIZ6	neucr.uniprot
3475	Q9P632	neucr.uniprot
8843	Q9P723	neucr.uniprot
7082	Q7SDU3	neucr.uniprot
5848	Q870N3	neucr.uniprot
440	Q9P5L7	neucr.uniprot
4401	Q7S994	neucr.uniprot
1334	Q7SA69	neucr.uniprot
6530	Q871B8	neucr.uniprot
64	Q7S0H8	neucr.uniprot
5148	Q7S4E9	neucr.uniprot
4742	Q9P734	neucr.uniprot
5399	Q96UF0	neucr.uniprot
1849	Q8X020	neucr.uniprot
4364	Q871P5	neucr.uniprot
8892	Q7SC21	neucr.uniprot
8910	Q871A2	neucr.uniprot
5142	Q870V4	neucr.uniprot
6248	Q872Q0	neucr.uniprot
1952	Q7RXY0	neucr.uniprot
7869	Q872V6	neucr.uniprot
6406	Q96U29	neucr.uniprot
4587	Q871F6	neucr.uniprot
8329	Q7S9W5	neucr.uniprot
259	Q7SAH9	neucr.uniprot
3368	Q8NIT2	neucr.uniprot
5984	Q7RYB6	neucr.uniprot
5958	Q96TZ1	neucr.uniprot
7773	Q8X0J6	neucr.uniprot
5250	Q8X0K0	neucr.uniprot
8070	Q7S128	neucr.uniprot
4293	Q7SDI8	neucr.uniprot
1843	Q7SHA8	neucr.uniprot
6344	Q7RZB0	neucr.uniprot
9461	Q872R8	neucr.uniprot
9181	Q9P559	neucr.uniprot
6620	A7UVS2	neucr.uniprot
7616	Q8WZR0	neucr.uniprot
8940	Q871J6	neucr.uniprot
989	Q7S9F9	neucr.uniprot
5362	Q7S7Z5	neucr.uniprot
264	Q7SCS1	neucr.uniprot
3444	Q7S8Y4	neucr.uniprot
2931	Q872T4	neucr.uniprot
9639	Q7S8E4	neucr.uniprot
3716	Q1K8V1	neucr.uniprot
3607	Q873A5	neucr.uniprot
511	Q7S965	neucr.uniprot
1980	Q8X042	neucr.uniprot
6083	Q9HEB0	neucr.uniprot
3390	Q7SE68	neucr.uniprot
7561	Q7S221	neucr.uniprot
9540	Q7S6N3	neucr.uniprot
5276	Q9C2L9	neucr.uniprot
2280	Q871L2	neucr.uniprot
7796	Q7S9H8	neucr.uniprot
3297	Q7S7K4	neucr.uniprot
7235	Q9HE61	neucr.uniprot
7549	Q7SFW8	neucr.uniprot
430	Q872K8	neucr.uniprot
2449	Q9C287	neucr.uniprot
7706	Q872T9	neucr.uniprot
385	Q7S0M3	neucr.uniprot
1798	Q872H3	neucr.uniprot
4767	Q7SGW9	neucr.uniprot
1271	Q9C2E6	neucr.uniprot
624	A7UWG3	neucr.uniprot
5678	Q8NIY0	neucr.uniprot
1275	A7UVX4	neucr.uniprot
3943	Q9P635	neucr.uniprot
8405	Q8X0E6	neucr.uniprot
3009	Q96VU8	neucr.uniprot
3314	Q96U76	neucr.uniprot
4727	A7UW63	neucr.uniprot
4963	Q7S0E8	neucr.uniprot
40	A7UW59	neucr.uniprot
1487	Q7S7X2	neucr.uniprot
9563	Q7SG92	neucr.uniprot
6086	Q8NJ04	neucr.uniprot
467	Q8X0R9	neucr.uniprot
7372	Q9C2P1	neucr.uniprot
4167	Q873F6	neucr.uniprot
3867	Q7S911	neucr.uniprot
6687	Q7S6J9	neucr.uniprot
5460	A7UXG8	neucr.uniprot
3497	Q873C8	neucr.uniprot
3579	Q96U10	neucr.uniprot
3345	Q8X0C1	neucr.uniprot
287	Q7SCD8	neucr.uniprot
6129	Q7S9J0	neucr.uniprot
6775	Q872T6	neucr.uniprot
3228	A7UVW3	neucr.uniprot
2863	Q7RYT8	neucr.uniprot
181	A7UWC0	neucr.uniprot
9247	Q7S7I8	neucr.uniprot
5406	Q870S1	neucr.uniprot
1174	Q7S1V8	neucr.uniprot
3717	Q7SF28	neucr.uniprot
1234	Q7SHW9	neucr.uniprot
8996	Q9HE96	neucr.uniprot
3745	Q9P3H2	neucr.uniprot
5934	Q8X057	neucr.uniprot
3237	Q9HEA5	neucr.uniprot
4278	Q8X0F2	neucr.uniprot
4384	Q7SDP7	neucr.uniprot
9092	Q9P694	neucr.uniprot
9637	Q871R9	neucr.uniprot
787	Q7RWR1	neucr.uniprot
7295	Q96U22	neucr.uniprot
2353	Q7SHP2	neucr.uniprot
6341	Q9P390	neucr.uniprot
7460	Q7SGD8	neucr.uniprot
959	Q9P3S8	neucr.uniprot
1864	Q8X0D3	neucr.uniprot
447	Q8X0S0	neucr.uniprot
9288	Q871Q3	neucr.uniprot
169	Q9P5Z0	neucr.uniprot
3805	Q7RYQ9	neucr.uniprot
6503	Q7RXV0	neucr.uniprot
6934	Q9P549	neucr.uniprot
9079	Q9C2B7	neucr.uniprot
1586	Q8X0H2	neucr.uniprot
1699	Q1K8I7	neucr.uniprot
7853	Q96U30	neucr.uniprot
7519	Q8X0L9	neucr.uniprot
7169	Q8X075	neucr.uniprot
7131	Q9P5I9	neucr.uniprot
8418	Q8X0N9	neucr.uniprot
7859	Q9P5S6	neucr.uniprot
8273	Q7S2W0	neucr.uniprot
4273	Q9P5J8	neucr.uniprot
2729	A7UWA7	neucr.uniprot
800	A7UX21	neucr.uniprot
7772	Q873D7	neucr.uniprot
6845	Q1K6G5	neucr.uniprot
3575	Q8NIW2	neucr.uniprot
1869	Q7SBW6	neucr.uniprot
192	A7UWG0	neucr.uniprot
7175	Q7S0D8	neucr.uniprot
7292	Q7S1Q9	neucr.uniprot
9042	Q7SEZ4	neucr.uniprot
3350	Q7S8Q0	neucr.uniprot
9505	Q7SE00	neucr.uniprot
8861	Q871M8	neucr.uniprot
2859	Q7SC37	neucr.uniprot
1713	Q9P6Y5	neucr.uniprot
5279	Q7SE54	neucr.uniprot
8360	Q7RWJ6	neucr.uniprot
4368	Q96U71	neucr.uniprot
4891	Q8NIR5	neucr.uniprot
9449	Q8NIU8	neucr.uniprot
2861	Q7S1C5	neucr.uniprot
7044	Q873L2	neucr.uniprot
8624	A7UVT7	neucr.uniprot
4116	Q7SD23	neucr.uniprot
1114	Q7SC43	neucr.uniprot
7353	A7UVV6	neucr.uniprot
1116	Q7RX56	neucr.uniprot
1040	Q7SDN5	neucr.uniprot
4228	Q8X0D2	neucr.uniprot
8310	Q96U36	neucr.uniprot
3691	Q9P5U3	neucr.uniprot
2439	Q7RWZ5	neucr.uniprot
5022	Q7RWP9	neucr.uniprot
2466	Q8X0C7	neucr.uniprot
6549	Q872U7	neucr.uniprot
5522	Q96U70	neucr.uniprot
3731	Q7S6G7	neucr.uniprot
5214	Q7SG14	neucr.uniprot
9076	A7UWF8	neucr.uniprot
4881	Q873A6	neucr.uniprot
6588	Q7RYA9	neucr.uniprot
1045	Q8X0M4	neucr.uniprot
7845	Q7SGB3	neucr.uniprot
478	Q7RXG8	neucr.uniprot
8371	Q872U3	neucr.uniprot
4155	Q96TY8	neucr.uniprot
5784	Q7SAA8	neucr.uniprot
7891	Q8X074	neucr.uniprot
2924	Q96UD5	neucr.uniprot
1923	Q7RVW4	neucr.uniprot
8385	Q9HEL8	neucr.uniprot
2554	Q7RYV2	neucr.uniprot
3589	A7UVU2	neucr.uniprot
4854	Q7S164	neucr.uniprot
6180	Q9P394	neucr.uniprot
3101	Q96U34	neucr.uniprot
3638	Q7SBB0	neucr.uniprot
3001	Q7S7P4	neucr.uniprot
5185	A7UX78	neucr.uniprot
8455	Q7SG36	neucr.uniprot
1577	Q871K0	neucr.uniprot
8894	Q871U4	neucr.uniprot
8077	Q872F8	neucr.uniprot
9346	A7UW44	neucr.uniprot
3481	Q7SDX9	neucr.uniprot
571	Q871S2	neucr.uniprot
3858	Q7SB75	neucr.uniprot
7922	Q871W9	neucr.uniprot
4248	Q7RXT0	neucr.uniprot
1350	Q9P5U0	neucr.uniprot
2233	Q9P607	neucr.uniprot
9798	Q873H6	neucr.uniprot
4252	Q7SE83	neucr.uniprot
5176	Q871X2	neucr.uniprot
7360	Q8WZW3	neucr.uniprot
954	Q9C2A0	neucr.uniprot
1627	Q9P6Y3	neucr.uniprot
2770	Q870Y0	neucr.uniprot
3675	A7UW06	neucr.uniprot
2919	A7UVX6	neucr.uniprot
3546	Q9P530	neucr.uniprot
1119	Q7SB16	neucr.uniprot
7399	Q9P5K6	neucr.uniprot
1427	Q8X095	neucr.uniprot
591	Q8X0H7	neucr.uniprot
9513	Q872Q6	neucr.uniprot
692	A7UW31	neucr.uniprot
9390	Q7S2L4	neucr.uniprot
5244	Q9C170	neucr.uniprot
8506	Q8X098	neucr.uniprot
5193	Q7S472	neucr.uniprot
6759	Q7SEV6	neucr.uniprot
915	Q871B5	neucr.uniprot
3415	Q9HEH4	neucr.uniprot
1678	Q9HE90	neucr.uniprot
9440	Q9HE23	neucr.uniprot
305	Q9C258	neucr.uniprot
9603	Q872T5	neucr.uniprot
9287	Q7SAW9	neucr.uniprot
4713	Q9P3E9	neucr.uniprot
3391	Q871G8	neucr.uniprot
7750	Q9P3R3	neucr.uniprot
5236	Q8X0Y0	neucr.uniprot
7116	Q7SBA4	neucr.uniprot
9047	A7UWC4	neucr.uniprot
9239	Q873G0	neucr.uniprot
3964	A7UXB1	neucr.uniprot
5498	Q7RYN0	neucr.uniprot
4529	Q7S9L3	neucr.uniprot
133	Q872Y1	neucr.uniprot
7740	Q7SHV5	neucr.uniprot
5338	Q8NIR6	neucr.uniprot
345	Q9C1K5	neucr.uniprot
5966	Q7SDK4	neucr.uniprot
8448	Q7S635	neucr.uniprot
4251	Q7RV93	neucr.uniprot
8959	Q871L7	neucr.uniprot
7633	A7UWD1	neucr.uniprot
3462	A7UXA8	neucr.uniprot
8292	Q7S456	neucr.uniprot
9138	Q96UA3	neucr.uniprot
3605	A7UX44	neucr.uniprot
8435	Q9C2Q2	neucr.uniprot
5591	Q873D0	neucr.uniprot
6348	Q872Z2	neucr.uniprot
3458	Q7SDA2	neucr.uniprot
6895	Q7RXL9	neucr.uniprot
5466	Q8NJ11	neucr.uniprot
4325	Q7SAN4	neucr.uniprot
9506	A7UVW5	neucr.uniprot
8004	Q872A9	neucr.uniprot
1582	Q9HEK9	neucr.uniprot
4253	A7UW94	neucr.uniprot
5648	Q7SDR4	neucr.uniprot
9692	Q7S1C8	neucr.uniprot
9698	Q7RXJ5	neucr.uniprot
9005	Q9HED9	neucr.uniprot
740	Q7SA20	neucr.uniprot
8770	Q9P6T8	neucr.uniprot
5936	Q9P392	neucr.uniprot
1375	Q7SH41	neucr.uniprot
8043	Q7S4P6	neucr.uniprot
5485	Q871Q6	neucr.uniprot
1149	Q7SHW8	neucr.uniprot
2443	Q9P6D7	neucr.uniprot
5869	Q871K8	neucr.uniprot
6991	A7UVY9	neucr.uniprot
6430	Q873D6	neucr.uniprot
41	Q7S8U3	neucr.uniprot
8601	Q872Q4	neucr.uniprot
8827	A7UX50	neucr.uniprot
6662	Q871B4	neucr.uniprot
4782	Q7SFD3	neucr.uniprot
8981	Q7RXE2	neucr.uniprot
804	Q7SHS2	neucr.uniprot
2094	Q7S353	neucr.uniprot
9302	Q8X0A6	neucr.uniprot
3728	Q7SDS3	neucr.uniprot
6653	Q7S4T0	neucr.uniprot
9023	Q8X0X4	neucr.uniprot
6311	Q7SG11	neucr.uniprot
3304	Q9P5W5	neucr.uniprot
4089	Q1K797	neucr.uniprot
8056	Q8X0N0	neucr.uniprot
298	Q7RUM1	neucr.uniprot
5151	Q8X0V9	neucr.uniprot
9172	Q871N5	neucr.uniprot
8533	A7UW87	neucr.uniprot
4366	A7UWB3	neucr.uniprot
3055	Q9P3D5	neucr.uniprot
9585	A7UX60	neucr.uniprot
4573	Q7RYX2	neucr.uniprot
5622	Q7RXT8	neucr.uniprot
1473	Q9HE46	neucr.uniprot
198	Q7S7T1	neucr.uniprot
8513	A7UW73	neucr.uniprot
8336	Q7SBM6	neucr.uniprot
757	Q7RYQ7	neucr.uniprot
8654	A7UWB1	neucr.uniprot
8908	Q9P3C6	neucr.uniprot
4714	Q7S0J1	neucr.uniprot
4965	Q96U07	neucr.uniprot
149	Q7SGY9	neucr.uniprot
9201	Q871Y0	neucr.uniprot
2501	A7UW33	neucr.uniprot
3653	Q96U50	neucr.uniprot
9534	Q7RX74	neucr.uniprot
2864	Q873I8	neucr.uniprot
1068	A7UWQ7	neucr.uniprot
2090	Q7SG32	neucr.uniprot
4657	Q7RY07	neucr.uniprot
2600	Q7S8B5	neucr.uniprot
5632	Q9P5Y7	neucr.uniprot
7987	Q872K1	neucr.uniprot
3330	A7UX87	neucr.uniprot
3739	A7UX53	neucr.uniprot
1369	Q96UA1	neucr.uniprot
8079	Q7SAF1	neucr.uniprot
4729	A7UWJ9	neucr.uniprot
760	Q871X6	neucr.uniprot
1340	Q7SC39	neucr.uniprot
3382	Q7S4P2	neucr.uniprot
3621	Q7SCN2	neucr.uniprot
160	Q9P3C2	neucr.uniprot
4358	Q872G7	neucr.uniprot
1861	Q7RYK4	neucr.uniprot
5506	Q8X0J8	neucr.uniprot
7606	Q9C2R0	neucr.uniprot
3308	Q9P6T0	neucr.uniprot
545	Q7SGW8	neucr.uniprot
2982	A7UW11	neucr.uniprot
97	A7UX75	neucr.uniprot
713	Q870P2	neucr.uniprot
3068	Q96UA6	neucr.uniprot
6240	Q8WZS0	neucr.uniprot
8701	Q7SBI3	neucr.uniprot
423	Q7SFS1	neucr.uniprot
972	Q871D7	neucr.uniprot
2221	Q9HEB8	neucr.uniprot
9612	Q9P754	neucr.uniprot
7266	Q9P6X0	neucr.uniprot
5433	Q7SEH5	neucr.uniprot
3599	A7UWN3	neucr.uniprot
3383	Q9HE35	neucr.uniprot
8244	Q7S1E0	neucr.uniprot
9807	Q7S967	neucr.uniprot
5817	Q7RXU6	neucr.uniprot
3504	Q8NIY2	neucr.uniprot
7408	Q8X0T3	neucr.uniprot
8229	Q9P5Z5	neucr.uniprot
2518	Q7S257	neucr.uniprot
3803	Q9P3E2	neucr.uniprot
7803	Q9P3R4	neucr.uniprot
3715	Q870N5	neucr.uniprot
2489	Q9P5R8	neucr.uniprot
1518	Q9P3I2	neucr.uniprot
3866	Q96U93	neucr.uniprot
2164	Q8X0N5	neucr.uniprot
3977	Q7RY36	neucr.uniprot
4670	Q7S9K2	neucr.uniprot
3613	Q7S423	neucr.uniprot
5348	O74262	neucr.uniprot
883	Q9HE66	neucr.uniprot
470	Q9P3A6	neucr.uniprot
1402	Q7SHY1	neucr.uniprot
2717	Q7RXW6	neucr.uniprot
3985	Q7SE96	neucr.uniprot
2602	Q7SI53	neucr.uniprot
5609	Q7SBW2	neucr.uniprot
7158	Q7S979	neucr.uniprot
9578	Q7RWY4	neucr.uniprot
6358	Q7RXH3	neucr.uniprot
3757	Q871V1	neucr.uniprot
7600	A7UW32	neucr.uniprot
9755	Q8WZX7	neucr.uniprot
9580	Q7SD33	neucr.uniprot
710	Q7S8L2	neucr.uniprot
4448	Q7SFD0	neucr.uniprot
9558	Q7S6M7	neucr.uniprot
2327	Q7S3B0	neucr.uniprot
3090	Q7S2Y3	neucr.uniprot
8382	Q9C2F8	neucr.uniprot
1617	Q96UD8	neucr.uniprot
5760	Q872P5	neucr.uniprot
639	Q871W3	neucr.uniprot
6850	Q872E0	neucr.uniprot
7666	Q7RX27	neucr.uniprot
8197	Q7S5P7	neucr.uniprot
7364	Q871M5	neucr.uniprot
9437	Q872M0	neucr.uniprot
5395	Q9HEJ0	neucr.uniprot
4985	Q7S3D1	neucr.uniprot
2712	Q7SI60	neucr.uniprot
8954	Q873C0	neucr.uniprot
9777	Q8NIK7	neucr.uniprot
3245	Q7RXJ2	neucr.uniprot
6815	Q870U3	neucr.uniprot
2676	Q871V8	neucr.uniprot
8741	Q8X015	neucr.uniprot
2231	Q7S1Y7	neucr.uniprot
7091	Q8WZU2	neucr.uniprot
7063	Q7RZJ4	neucr.uniprot
512	Q96UC8	neucr.uniprot
7590	Q872B9	neucr.uniprot
1288	Q871Q1	neucr.uniprot
1278	Q872A5	neucr.uniprot
7246	Q7S6U9	neucr.uniprot
1000	Q7S5B0	neucr.uniprot
9026	Q7RXI5	neucr.uniprot
3680	Q7S7M1	neucr.uniprot
6919	Q873G3	neucr.uniprot
5009	Q7S7C2	neucr.uniprot
5052	Q7SBI7	neucr.uniprot
3826	Q7S5X4	neucr.uniprot
5315	Q7RXX7	neucr.uniprot
7961	Q872M3	neucr.uniprot
8689	Q96U52	neucr.uniprot
7300	Q7RZW5	neucr.uniprot
5015	Q7SEG6	neucr.uniprot
8011	Q871Z5	neucr.uniprot
9682	A7UWB5	neucr.uniprot
4947	Q7RY46	neucr.uniprot
5303	Q8X0D9	neucr.uniprot
1998	Q7SBL4	neucr.uniprot
6525	Q7SCM3	neucr.uniprot
7507	Q7RX97	neucr.uniprot
2571	Q7S425	neucr.uniprot
5761	Q7RY27	neucr.uniprot
7462	Q872E9	neucr.uniprot
8710	Q870Q7	neucr.uniprot
235	A7UWB8	neucr.uniprot
2772	Q872H4	neucr.uniprot
8005	Q7S1J3	neucr.uniprot
3232	A7UWD0	neucr.uniprot
2047	Q870S7	neucr.uniprot
7404	Q8J1Z0	neucr.uniprot
8724	Q7S9E5	neucr.uniprot
4711	Q7SD59	neucr.uniprot
5069	Q7RYR6	neucr.uniprot
1404	Q7SGJ6	neucr.uniprot
5716	Q7RYS6	neucr.uniprot
3246	Q9HE56	neucr.uniprot
3186	Q872V9	neucr.uniprot
2375	Q96U16	neucr.uniprot
429	A7UVV0	neucr.uniprot
6289	Q9P5S5	neucr.uniprot
5834	A7UW75	neucr.uniprot
1933	Q8WZY1	neucr.uniprot
5174	Q871H9	neucr.uniprot
4338	Q7SB59	neucr.uniprot
9679	Q7SE31	neucr.uniprot
6771	Q7S5W1	neucr.uniprot
5650	A7UWL4	neucr.uniprot
1878	Q872M7	neucr.uniprot
3772	Q871H2	neucr.uniprot
5646	Q9P4Y0	neucr.uniprot
6776	Q7SGX2	neucr.uniprot
6757	A7UWA4	neucr.uniprot
1061	Q872N0	neucr.uniprot
7328	A7UWT8	neucr.uniprot
9380	Q8X0W4	neucr.uniprot
8713	Q9C2F6	neucr.uniprot
9054	Q7SG35	neucr.uniprot
1990	Q86ZH4	neucr.uniprot
3916	Q7S7A9	neucr.uniprot
7979	Q7S1J2	neucr.uniprot
8160	Q7SER6	neucr.uniprot
5264	Q8X0I8	neucr.uniprot
8796	Q9P3M2	neucr.uniprot
3628	Q7S433	neucr.uniprot
3311	Q7S9D7	neucr.uniprot
5986	Q7SE84	neucr.uniprot
117	Q871J3	neucr.uniprot
1614	Q873C1	neucr.uniprot
7739	Q7RWN1	neucr.uniprot
7490	Q873L3	neucr.uniprot
4744	Q7S4Q0	neucr.uniprot
1392	Q96UE1	neucr.uniprot
3753	Q9P3D7	neucr.uniprot
9404	Q7S4G0	neucr.uniprot
2342	Q7RXE7	neucr.uniprot
1443	Q9C2K9	neucr.uniprot
1543	Q7RZ59	neucr.uniprot
9202	Q7RWC5	neucr.uniprot
5211	Q7SCG4	neucr.uniprot
7004	Q871F4	neucr.uniprot
201	Q7RX91	neucr.uniprot
6375	A7UVZ2	neucr.uniprot
203	Q9P6C3	neucr.uniprot
3568	Q8X0K5	neucr.uniprot
8734	Q872R6	neucr.uniprot
2056	Q8X0C0	neucr.uniprot
6386	Q8WZR9	neucr.uniprot
403	Q96U03	neucr.uniprot
1508	Q86ZG9	neucr.uniprot
6290	Q7SA82	neucr.uniprot
102	Q8X0K3	neucr.uniprot
7350	Q7S917	neucr.uniprot
3923	Q9HEA2	neucr.uniprot
4080	Q8NIW6	neucr.uniprot
9676	Q8X019	neucr.uniprot
7163	Q7RZ89	neucr.uniprot
8618	Q96U59	neucr.uniprot
2562	Q7S749	neucr.uniprot
2187	Q871K5	neucr.uniprot
7945	Q9P3A1	neucr.uniprot
8119	Q7SDA7	neucr.uniprot
1042	Q7SH00	neucr.uniprot
7337	Q7RX87	neucr.uniprot
6695	Q7SE77	neucr.uniprot
843	Q9C2Q8	neucr.uniprot
6332	Q7SGG3	neucr.uniprot
8696	A7UX73	neucr.uniprot
7627	Q872Y9	neucr.uniprot
3598	Q9P6Y9	neucr.uniprot
154	Q9C228	neucr.uniprot
1309	Q7S7V8	neucr.uniprot
8519	Q96UA7	neucr.uniprot
4206	Q872Z0	neucr.uniprot
3146	Q7S7H2	neucr.uniprot
5267	A7UXD2	neucr.uniprot
9457	Q8X089	neucr.uniprot
8295	Q7S798	neucr.uniprot
1645	Q7SCS8	neucr.uniprot
5066	Q7SB77	neucr.uniprot
769	Q7RVT1	neucr.uniprot
5156	Q8X083	neucr.uniprot
851	A7UX37	neucr.uniprot
7959	Q96U78	neucr.uniprot
978	Q8X051	neucr.uniprot
5474	Q9P714	neucr.uniprot
8992	Q9P535	neucr.uniprot
5753	Q7SAV2	neucr.uniprot
5166	Q7SCD9	neucr.uniprot
4721	Q871G9	neucr.uniprot
6104	Q7RWX9	neucr.uniprot
4373	Q8WZS8	neucr.uniprot
3935	A7UWW3	neucr.uniprot
1636	Q7SH03	neucr.uniprot
8649	A7UW72	neucr.uniprot
8963	Q8X018	neucr.uniprot
827	Q7RWA6	neucr.uniprot
9708	Q871P6	neucr.uniprot
4821	Q9P386	neucr.uniprot
3705	Q9C248	neucr.uniprot
1519	Q7S5A1	neucr.uniprot
8893	Q8NK78	neucr.uniprot
1152	Q8WZV1	neucr.uniprot
667	Q96U25	neucr.uniprot
3039	Q9HE73	neucr.uniprot
6013	Q96UE5	neucr.uniprot
8585	Q870S3	neucr.uniprot
1764	Q873L6	neucr.uniprot
303	A7UXH6	neucr.uniprot
6513	Q9P6W8	neucr.uniprot
7748	Q871B7	neucr.uniprot
5526	Q7SBC2	neucr.uniprot
3037	Q870X2	neucr.uniprot
3465	Q7S960	neucr.uniprot
7092	Q7S2B7	neucr.uniprot
8677	Q9P6E4	neucr.uniprot
3082	Q871K4	neucr.uniprot
6286	Q871Y6	neucr.uniprot
6308	Q7S9Z3	neucr.uniprot
9365	Q9P6D4	neucr.uniprot
7795	Q872C4	neucr.uniprot
2420	Q7SCI5	neucr.uniprot
3279	Q9P5R7	neucr.uniprot
5557	Q8WZT0	neucr.uniprot
1403	Q7S0C2	neucr.uniprot
4877	Q872Q5	neucr.uniprot
1768	Q872L2	neucr.uniprot
8456	Q9HEA7	neucr.uniprot
698	Q96TZ0	neucr.uniprot
5617	Q8NIU7	neucr.uniprot
9341	Q8X0E8	neucr.uniprot
6907	Q7S090	neucr.uniprot
9078	Q7SI64	neucr.uniprot
1462	Q7S3X9	neucr.uniprot
742	Q8WZZ8	neucr.uniprot
980	Q7RY43	neucr.uniprot
9577	Q9HEH5	neucr.uniprot
718	Q9P6T5	neucr.uniprot
4156	A7UW86	neucr.uniprot
5866	Q7S9M4	neucr.uniprot
4535	Q9C222	neucr.uniprot
4988	A7UXC9	neucr.uniprot
9070	Q9P4Z2	neucr.uniprot
4998	Q96TY4	neucr.uniprot
9153	Q7S779	neucr.uniprot
8219	Q7SGD1	neucr.uniprot
4911	Q7S3F3	neucr.uniprot
4173	Q7S319	neucr.uniprot
1823	Q86ZH5	neucr.uniprot
5271	Q9P696	neucr.uniprot
2870	Q7S135	neucr.uniprot
8927	Q7RWV6	neucr.uniprot
4475	Q8NIV1	neucr.uniprot
3644	Q7SHG3	neucr.uniprot
6424	Q7SAR6	neucr.uniprot
3992	Q9P717	neucr.uniprot
9705	A7UWC8	neucr.uniprot
3447	Q9P3J7	neucr.uniprot
2825	Q1K572	neucr.uniprot
2095	A7UX29	neucr.uniprot
5204	Q9HE38	neucr.uniprot
9388	Q96U55	neucr.uniprot
985	Q7RXU2	neucr.uniprot
5503	Q870U8	neucr.uniprot
9481	Q7SDN9	neucr.uniprot
1599	Q8X0S5	neucr.uniprot
2684	Q8J0D3	neucr.uniprot
568	Q6M9B3	neucr.uniprot
4267	Q7SBM3	neucr.uniprot
7269	Q8X038	neucr.uniprot
3663	Q7RZA3	neucr.uniprot
3342	Q7RZ58	neucr.uniprot
2956	Q7SFX9	neucr.uniprot
8825	Q8NIY9	neucr.uniprot
7900	Q9HE78	neucr.uniprot
7231	Q9P3F4	neucr.uniprot
4816	Q9P736	neucr.uniprot
6493	A7UVS3	neucr.uniprot
9596	Q9HEL5	neucr.uniprot
9474	Q7SGU7	neucr.uniprot
3106	A7UVU3	neucr.uniprot
1398	Q7S3Z8	neucr.uniprot
3722	Q7SI71	neucr.uniprot
5141	Q96U54	neucr.uniprot
1485	Q7S8G6	neucr.uniprot
3615	Q872V1	neucr.uniprot
2541	Q871B2	neucr.uniprot
6816	A7UWI5	neucr.uniprot
514	Q7SDF2	neucr.uniprot
762	A7UVY2	neucr.uniprot
6046	Q7RVU4	neucr.uniprot
1421	O14428	neucr.uniprot
4004	Q7S7F3	neucr.uniprot
8718	Q9P6C9	neucr.uniprot
3202	Q871E4	neucr.uniprot
7702	Q9P3R6	neucr.uniprot
4603	Q8X0M0	neucr.uniprot
8581	A7UWM8	neucr.uniprot
7647	Q7SI13	neucr.uniprot
1294	Q7RVS5	neucr.uniprot
7686	Q9P3N6	neucr.uniprot
4556	Q876Z5	neucr.uniprot
2191	Q871T9	neucr.uniprot
7948	Q7SA54	neucr.uniprot
1004	Q7S3G2	neucr.uniprot
151	Q9P6Z1	neucr.uniprot
8061	Q7S624	neucr.uniprot
590	Q872B1	neucr.uniprot
4300	Q8X035	neucr.uniprot
1274	Q7RXY5	neucr.uniprot
3794	A7UW52	neucr.uniprot
6280	Q9C2S3	neucr.uniprot
1387	Q8X0P7	neucr.uniprot
8646	Q9C2G2	neucr.uniprot
1081	Q7S5S7	neucr.uniprot
4675	Q7S3P9	neucr.uniprot
5807	Q7S8I7	neucr.uniprot
2523	Q871F1	neucr.uniprot
5537	Q7SD03	neucr.uniprot
341	Q8WZZ3	neucr.uniprot
561	Q7RWF5	neucr.uniprot
7486	Q9P3M0	neucr.uniprot
924	Q870W3	neucr.uniprot
4054	Q8X0L1	neucr.uniprot
5888	A7UWU3	neucr.uniprot
5218	Q9C2E5	neucr.uniprot
3207	Q870U7	neucr.uniprot
9714	Q7S244	neucr.uniprot
2122	A7UWZ5	neucr.uniprot
6976	Q8WZW8	neucr.uniprot
3989	A7UXB5	neucr.uniprot
6834	Q870Z4	neucr.uniprot
5078	A7UWA5	neucr.uniprot
3416	Q7RZG0	neucr.uniprot
501	Q8NIZ2	neucr.uniprot
4559	Q7SB73	neucr.uniprot
671	Q7SB85	neucr.uniprot
5933	Q8X0H0	neucr.uniprot
5104	Q01392	neucr.uniprot
9769	Q9P5W0	neucr.uniprot
9507	Q9C2I4	neucr.uniprot
2835	Q7RYL9	neucr.uniprot
8294	A7UWV9	neucr.uniprot
421	A7UWJ5	neucr.uniprot
2766	Q8NIW0	neucr.uniprot
7895	Q9P6A6	neucr.uniprot
7286	A7UXF5	neucr.uniprot
3002	Q7S5A0	neucr.uniprot
1514	Q7S7I0	neucr.uniprot
4464	Q7SAM3	neucr.uniprot
199	Q7SCH8	neucr.uniprot
6647	Q7S7X8	neucr.uniprot
7084	Q9HEH0	neucr.uniprot
5096	Q7S0I8	neucr.uniprot
5691	A7UWF3	neucr.uniprot
4642	Q871V0	neucr.uniprot
3522	Q7RY77	neucr.uniprot
9158	Q96U40	neucr.uniprot
3344	A7UX06	neucr.uniprot
8107	A7UXA2	neucr.uniprot
1008	Q871G1	neucr.uniprot
8507	Q870P9	neucr.uniprot
1765	Q7S6L5	neucr.uniprot
7514	Q9C2L4	neucr.uniprot
5535	Q9HE31	neucr.uniprot
8712	Q9HE83	neucr.uniprot
6629	Q7S8C5	neucr.uniprot
3928	Q7RV54	neucr.uniprot
9263	Q9C2M7	neucr.uniprot
6301	A7UXB7	neucr.uniprot
8619	Q86ZH9	neucr.uniprot
9579	Q96U99	neucr.uniprot
9008	Q96UC0	neucr.uniprot
5091	Q7SG19	neucr.uniprot
4435	Q7S6Y9	neucr.uniprot
84	Q872M6	neucr.uniprot
3185	Q9P646	neucr.uniprot
3660	Q7S2I3	neucr.uniprot
3893	Q7SBT6	neucr.uniprot
477	Q7S777	neucr.uniprot
9745	Q9HE77	neucr.uniprot
2077	Q872Y4	neucr.uniprot
5117	Q872N6	neucr.uniprot
5856	Q7S153	neucr.uniprot
2103	A7UX09	neucr.uniprot
4624	A7UWH0	neucr.uniprot
3732	Q9P6D8	neucr.uniprot
2212	Q9C2I0	neucr.uniprot
6445	Q7S452	neucr.uniprot
5191	Q7S800	neucr.uniprot
7403	Q7RWS3	neucr.uniprot
7099	Q7RW61	neucr.uniprot
6714	Q9P6A7	neucr.uniprot
6198	Q9P5L6	neucr.uniprot
5603	A7UWG1	neucr.uniprot
3941	Q7SDA4	neucr.uniprot
2012	Q8X0S6	neucr.uniprot
2951	Q872R5	neucr.uniprot
6727	Q7SEG3	neucr.uniprot
6578	Q7SEM0	neucr.uniprot
8190	Q7S387	neucr.uniprot
5333	Q870Y7	neucr.uniprot
2557	Q7SEA3	neucr.uniprot
5561	Q9HE57	neucr.uniprot
6339	Q8WZY6	neucr.uniprot
3610	Q871J0	neucr.uniprot
7077	Q01318	neucr.uniprot
2075	Q871A3	neucr.uniprot
4035	Q8X000	neucr.uniprot
8158	Q7SHE2	neucr.uniprot
3954	Q7SGF9	neucr.uniprot
912	Q7SD00	neucr.uniprot
2384	Q7S095	neucr.uniprot
1554	Q8WZV5	neucr.uniprot
3834	Q7S649	neucr.uniprot
5988	Q7S7Z4	neucr.uniprot
9620	Q870Y3	neucr.uniprot
5101	Q8X0H3	neucr.uniprot
7503	A7UXB2	neucr.uniprot
7281	Q7SCS9	neucr.uniprot
6306	Q8NIT6	neucr.uniprot
3439	Q9P5M0	neucr.uniprot
141	A7UXF0	neucr.uniprot
1561	Q871S1	neucr.uniprot
5698	Q96U90	neucr.uniprot
5596	Q7RWY5	neucr.uniprot
7520	Q9P5V0	neucr.uniprot
3987	Q873J6	neucr.uniprot
551	A7UWC1	neucr.uniprot
3915	Q9P533	neucr.uniprot
6564	Q7S0I9	neucr.uniprot
4456	Q7S0L2	neucr.uniprot
6562	Q7S3Q1	neucr.uniprot
7815	Q7SHB1	neucr.uniprot
6754	Q7RZB6	neucr.uniprot
9451	A7UX59	neucr.uniprot
5610	Q9C1J0	neucr.uniprot
1771	Q9C2H6	neucr.uniprot
6792	Q8X1E4	neucr.uniprot
6271	Q7RWF0	neucr.uniprot
2378	Q871S7	neucr.uniprot
7495	Q7SCA3	neucr.uniprot
7620	Q7S3Y8	neucr.uniprot
2606	Q873E3	neucr.uniprot
9470	Q8NIY1	neucr.uniprot
5815	Q8NJ01	neucr.uniprot
8771	Q96U09	neucr.uniprot
8157	Q9P6Z3	neucr.uniprot
459	Q9HE95	neucr.uniprot
8776	Q7SFI4	neucr.uniprot
6347	Q9C1L2	neucr.uniprot
7897	A7UW45	neucr.uniprot
1815	Q7RYL5	neucr.uniprot
2203	A7UW16	neucr.uniprot
4924	Q8WZR1	neucr.uniprot
9416	Q872Z1	neucr.uniprot
2472	Q870R9	neucr.uniprot
8163	Q9P5Y6	neucr.uniprot
8961	Q7SDK3	neucr.uniprot
7472	Q872H2	neucr.uniprot
6901	Q7S2D7	neucr.uniprot
9373	Q7SFB1	neucr.uniprot
4113	Q7SEV8	neucr.uniprot
9204	Q8X0V2	neucr.uniprot
4414	Q7SBB2	neucr.uniprot
9122	Q7SA66	neucr.uniprot
6300	Q7SD28	neucr.uniprot
268	Q8X0E9	neucr.uniprot
4905	Q7S719	neucr.uniprot
9317	Q872W9	neucr.uniprot
3362	Q8X0I2	neucr.uniprot
953	Q7RVY1	neucr.uniprot
3600	Q8NIW1	neucr.uniprot
291	Q96W73	neucr.uniprot
1918	Q7SFU0	neucr.uniprot
6960	Q7S6T9	neucr.uniprot
6840	A7UWV8	neucr.uniprot
7293	Q7SFX4	neucr.uniprot
8425	Q7SC00	neucr.uniprot
8308	Q96U65	neucr.uniprot
3690	Q9P397	neucr.uniprot
4070	Q7S739	neucr.uniprot
387	Q7S0T0	neucr.uniprot
7993	Q8X0V1	neucr.uniprot
3024	Q7SA48	neucr.uniprot
2156	Q9P606	neucr.uniprot
427	A7UVW1	neucr.uniprot
6998	Q7S6Z9	neucr.uniprot
3056	Q7S638	neucr.uniprot
7085	Q7SDI3	neucr.uniprot
990	Q7S9N4	neucr.uniprot
7484	Q9P526	neucr.uniprot
4388	Q9C2B0	neucr.uniprot
5040	Q872U9	neucr.uniprot
120	Q8X084	neucr.uniprot
7962	Q872F9	neucr.uniprot
3167	Q7S255	neucr.uniprot
4835	A7UW88	neucr.uniprot
4041	Q9HE82	neucr.uniprot
5946	A7UVT8	neucr.uniprot
3830	Q871P4	neucr.uniprot
6803	Q870S4	neucr.uniprot
7868	Q7SFA2	neucr.uniprot
9722	Q871F9	neucr.uniprot
4746	Q7SF94	neucr.uniprot
3779	Q9HEF8	neucr.uniprot
1652	Q871V4	neucr.uniprot
3136	Q872Q1	neucr.uniprot
9411	A7UWV0	neucr.uniprot
1083	Q7SHJ7	neucr.uniprot
3489	Q7SFF0	neucr.uniprot
3585	Q7SA58	neucr.uniprot
6403	Q9P6U1	neucr.uniprot
3087	Q871Y1	neucr.uniprot
3778	Q7SCK4	neucr.uniprot
7184	Q7S7J9	neucr.uniprot
2597	Q873H5	neucr.uniprot
1772	Q870Y9	neucr.uniprot
2099	Q9C255	neucr.uniprot
2303	Q7SH10	neucr.uniprot
6448	Q7S8W1	neucr.uniprot
9038	Q871A8	neucr.uniprot
4895	Q873B0	neucr.uniprot
1302	Q7S3T1	neucr.uniprot
506	O74723	neucr.uniprot
286	Q7S3H6	neucr.uniprot
2159	Q7S8E3	neucr.uniprot
1822	Q96U61	neucr.uniprot
6432	Q7S9B1	neucr.uniprot
7149	Q8X0W0	neucr.uniprot
3414	Q7SBN6	neucr.uniprot
9711	Q870T5	neucr.uniprot
9568	Q8X0A0	neucr.uniprot
4660	Q9HE21	neucr.uniprot
5047	Q871S5	neucr.uniprot
7008	Q7SD62	neucr.uniprot
6539	Q9HEF4	neucr.uniprot
491	Q7S169	neucr.uniprot
1661	Q9C2C9	neucr.uniprot
8124	Q7S7A1	neucr.uniprot
5501	Q7RYT5	neucr.uniprot
3393	Q8X067	neucr.uniprot
2681	A7UWU9	neucr.uniprot
2855	Q96U80	neucr.uniprot
7101	Q8X0F4	neucr.uniprot
5731	Q86ZG8	neucr.uniprot
343	Q9P655	neucr.uniprot
4902	Q8X0Y2	neucr.uniprot
5863	Q9P6Z0	neucr.uniprot
2578	A7UWY3	neucr.uniprot
2074	Q871Z6	neucr.uniprot
7180	Q871H7	neucr.uniprot
4409	Q96UE6	neucr.uniprot
4505	Q7SBV9	neucr.uniprot
1911	Q8X0R7	neucr.uniprot
1607	Q8WZQ9	neucr.uniprot
6517	Q8X045	neucr.uniprot
3863	A7UVU4	neucr.uniprot
2530	Q9P5T8	neucr.uniprot
228	Q8X012	neucr.uniprot
4462	A7UW83	neucr.uniprot
4446	Q872Z4	neucr.uniprot
2893	Q871I7	neucr.uniprot
4437	Q7S2S5	neucr.uniprot
7638	Q871J4	neucr.uniprot
1238	Q9HED0	neucr.uniprot
3196	Q7S005	neucr.uniprot
3479	Q8X0A2	neucr.uniprot
1400	Q96U02	neucr.uniprot
9086	Q7RW46	neucr.uniprot
3144	Q8WZP8	neucr.uniprot
8797	A7UXH1	neucr.uniprot
4346	Q7S9L4	neucr.uniprot
3076	Q7S2X2	neucr.uniprot
1557	Q873K4	neucr.uniprot
59	Q8NIW9	neucr.uniprot
5583	Q871N6	neucr.uniprot
6917	Q7SGM2	neucr.uniprot
4453	Q872Y3	neucr.uniprot
6853	Q7SGE0	neucr.uniprot
6465	Q7S7I6	neucr.uniprot
3326	Q96UB0	neucr.uniprot
7018	Q7RWH2	neucr.uniprot
9111	Q9P5T9	neucr.uniprot
1313	Q871J1	neucr.uniprot
5105	Q7S381	neucr.uniprot
955	Q96U51	neucr.uniprot
1163	Q7SC13	neucr.uniprot
1355	A7UWD2	neucr.uniprot
9616	Q870U9	neucr.uniprot
2604	Q7S7E8	neucr.uniprot
8907	Q8X076	neucr.uniprot
6892	Q7S0J8	neucr.uniprot
2722	Q9HFI6	neucr.uniprot
4825	Q872V3	neucr.uniprot
853	Q7S9N3	neucr.uniprot
8311	Q7SI15	neucr.uniprot
5972	Q871Q9	neucr.uniprot
8836	Q7SGB1	neucr.uniprot
8288	Q9HEK6	neucr.uniprot
3113	Q8X010	neucr.uniprot
1983	Q9P3P3	neucr.uniprot
9186	Q872P2	neucr.uniprot
4161	Q9C2A8	neucr.uniprot
4581	Q8X0X7	neucr.uniprot
1626	Q870R7	neucr.uniprot
835	Q7S537	neucr.uniprot
4451	Q7RZM1	neucr.uniprot
5779	Q7S2K4	neucr.uniprot
7844	Q872U2	neucr.uniprot
1031	Q9C2J2	neucr.uniprot
3632	Q9P6B4	neucr.uniprot
2218	Q870Q3	neucr.uniprot
1046	Q873L9	neucr.uniprot
8112	Q7SC76	neucr.uniprot
9458	Q871S8	neucr.uniprot
6214	Q872I1	neucr.uniprot
184	Q7RYJ7	neucr.uniprot
2555	Q7S480	neucr.uniprot
2812	A7UW70	neucr.uniprot
2710	Q9P5L8	neucr.uniprot
6462	A7UW64	neucr.uniprot
691	A7UWK9	neucr.uniprot
1505	Q870X1	neucr.uniprot
4361	Q7RW57	neucr.uniprot
7793	Q9HE64	neucr.uniprot
1936	Q7SB76	neucr.uniprot
3984	Q9P3T1	neucr.uniprot
7176	Q8X0T2	neucr.uniprot
3630	Q7RX29	neucr.uniprot
4390	A7UWI9	neucr.uniprot
5890	A7UX89	neucr.uniprot
7513	Q7SER4	neucr.uniprot
6132	Q7SGK2	neucr.uniprot
6045	Q7S5Q2	neucr.uniprot
8335	Q96UA4	neucr.uniprot
3627	Q9P3E0	neucr.uniprot
996	Q7SB88	neucr.uniprot
5656	Q9P3A3	neucr.uniprot
8650	Q872D0	neucr.uniprot
885	Q9C233	neucr.uniprot
5870	Q9P731	neucr.uniprot
3548	Q7SAG8	neucr.uniprot
3115	Q7SDX0	neucr.uniprot
964	Q7S2W4	neucr.uniprot
6305	Q8X0E0	neucr.uniprot
7997	Q871A1	neucr.uniprot
2852	Q8X0S1	neucr.uniprot
2469	Q9P5K8	neucr.uniprot
7267	Q872F3	neucr.uniprot
7047	Q7S0F9	neucr.uniprot
6022	Q9HEL4	neucr.uniprot
9109	Q8X044	neucr.uniprot
19	Q871I9	neucr.uniprot
5765	Q7RX10	neucr.uniprot
8570	Q9C2H5	neucr.uniprot
4039	A7UW28	neucr.uniprot
3042	Q7S3R7	neucr.uniprot
1688	Q7S4A3	neucr.uniprot
8730	Q7RW79	neucr.uniprot
1613	Q8WZY2	neucr.uniprot
4232	Q870R2	neucr.uniprot
7841	Q9HED7	neucr.uniprot
8432	Q7RX82	neucr.uniprot
9497	Q9P3S0	neucr.uniprot
1830	A7UWN1	neucr.uniprot
5539	Q871L1	neucr.uniprot
6114	Q9HE47	neucr.uniprot
5388	A7UWE8	neucr.uniprot
2742	Q9HEE9	neucr.uniprot
1199	Q7S5Q1	neucr.uniprot
9663	A7UXC6	neucr.uniprot
1954	Q7RV40	neucr.uniprot
5426	A7UX40	neucr.uniprot
4122	Q96U23	neucr.uniprot
2798	A7UX05	neucr.uniprot
7584	Q871T5	neucr.uniprot
6675	Q7SGF4	neucr.uniprot
7309	Q7RXQ6	neucr.uniprot
7061	Q9C2M9	neucr.uniprot
5532	Q7SHH1	neucr.uniprot
5906	Q8X0I1	neucr.uniprot
1781	Q7SEU5	neucr.uniprot
9354	Q9C2D5	neucr.uniprot
2752	Q9C2B1	neucr.uniprot
3872	Q7SE94	neucr.uniprot
8399	Q873C5	neucr.uniprot
4596	Q7SBJ4	neucr.uniprot
1666	Q9P713	neucr.uniprot
4758	A7UWU7	neucr.uniprot
8452	Q7SEG4	neucr.uniprot
1391	Q871E6	neucr.uniprot
6374	Q7S0L1	neucr.uniprot
1426	Q872A7	neucr.uniprot
6189	Q7RZ04	neucr.uniprot
1464	Q8X0K4	neucr.uniprot
8938	Q9UUX7	neucr.uniprot
6173	Q7SI41	neucr.uniprot
8408	Q8NIR4	neucr.uniprot
8306	Q7S035	neucr.uniprot
1630	Q9P3B4	neucr.uniprot
2116	Q7RV31	neucr.uniprot
7380	Q7SCB0	neucr.uniprot
5	Q7S9C8	neucr.uniprot
65	Q871M1	neucr.uniprot
2917	Q9P5S7	neucr.uniprot
9530	A7UWL0	neucr.uniprot
7551	Q7S1A1	neucr.uniprot
2027	Q9P3D1	neucr.uniprot
8495	Q7S0D9	neucr.uniprot
8421	Q7SHN6	neucr.uniprot
9255	Q86ZH0	neucr.uniprot
8751	Q7S0F7	neucr.uniprot
5780	Q1K7X9	neucr.uniprot
8404	Q871N1	neucr.uniprot
367	Q9HEK0	neucr.uniprot
1470	Q96U12	neucr.uniprot
3678	Q7SC75	neucr.uniprot
4708	Q8NIV2	neucr.uniprot
1368	Q872K7	neucr.uniprot
9816	Q7SEL6	neucr.uniprot
4062	Q872Y2	neucr.uniprot
5478	Q7S938	neucr.uniprot
9343	Q7RXQ4	neucr.uniprot
5544	Q872M9	neucr.uniprot
9824	Q7S157	neucr.uniprot
8682	A7UX47	neucr.uniprot
4873	Q872S8	neucr.uniprot
5582	Q9C249	neucr.uniprot
7272	Q7S6M8	neucr.uniprot
9464	A7UVU9	neucr.uniprot
4648	Q7S293	neucr.uniprot
9264	Q8NJ00	neucr.uniprot
1454	Q7S3E3	neucr.uniprot
1367	Q7SEQ8	neucr.uniprot
8657	Q7RYV3	neucr.uniprot
3823	Q872P0	neucr.uniprot
8589	Q872C0	neucr.uniprot
2832	Q8X0C8	neucr.uniprot
9493	Q8NIX3	neucr.uniprot
6624	Q7RY71	neucr.uniprot
9116	Q8X0V6	neucr.uniprot
5102	Q7S1L9	neucr.uniprot
1524	Q9C298	neucr.uniprot
4832	A7UWS2	neucr.uniprot
3208	Q7SBT5	neucr.uniprot
2007	Q7SB31	neucr.uniprot
6737	Q8X001	neucr.uniprot
3997	Q8X0F8	neucr.uniprot
412	Q7S531	neucr.uniprot
777	Q7SH67	neucr.uniprot
4878	Q872F7	neucr.uniprot
6108	Q871E3	neucr.uniprot
1310	A7UW68	neucr.uniprot
6140	Q873J4	neucr.uniprot
811	Q9P3Q3	neucr.uniprot
314	Q872A1	neucr.uniprot
2109	Q871H4	neucr.uniprot
7262	Q871S3	neucr.uniprot
6192	Q9C2N9	neucr.uniprot
3619	Q7S3L6	neucr.uniprot
3909	A7UVT0	neucr.uniprot
3256	Q872P6	neucr.uniprot
4621	Q9HEM3	neucr.uniprot
3854	Q1K7C3	neucr.uniprot
653	Q8X0J2	neucr.uniprot
9400	Q872N5	neucr.uniprot
5748	Q86ZH8	neucr.uniprot
2803	Q7SEE7	neucr.uniprot
3843	Q9C247	neucr.uniprot
5223	Q872V7	neucr.uniprot
2892	Q8X0L4	neucr.uniprot
6801	Q7S0V9	neucr.uniprot
1468	Q871X8	neucr.uniprot
4954	Q9C2H2	neucr.uniprot
6238	Q871Z1	neucr.uniprot
3117	Q9P3F2	neucr.uniprot
1616	Q7RZP1	neucr.uniprot
6632	Q7SD76	neucr.uniprot
8289	Q7S1Z7	neucr.uniprot
8736	Q7S837	neucr.uniprot
4238	Q873G1	neucr.uniprot
4053	Q8X0W7	neucr.uniprot
727	Q873B1	neucr.uniprot
1026	Q9P3J5	neucr.uniprot
7715	Q873F3	neucr.uniprot
6095	Q8NIR1	neucr.uniprot
8868	Q9P6V0	neucr.uniprot
8707	Q9HEI8	neucr.uniprot
376	Q9C257	neucr.uniprot
5559	Q7SCZ9	neucr.uniprot
6627	A7UX55	neucr.uniprot
4507	Q96U73	neucr.uniprot
2058	Q8NIZ1	neucr.uniprot
278	Q7S969	neucr.uniprot
9020	Q872C2	neucr.uniprot
7975	A7UW96	neucr.uniprot
2162	Q7S8Y8	neucr.uniprot
7783	Q7RY03	neucr.uniprot
4908	Q7S5L1	neucr.uniprot
7375	Q9P5L4	neucr.uniprot
8270	Q9C250	neucr.uniprot
4678	Q870W4	neucr.uniprot
7432	Q871W0	neucr.uniprot
124	A7UWA3	neucr.uniprot
1413	Q8X0Y4	neucr.uniprot
7919	Q7S475	neucr.uniprot
717	Q1K8G4	neucr.uniprot
9178	Q871H1	neucr.uniprot
3821	A7UXH4	neucr.uniprot
8042	Q873D4	neucr.uniprot
960	Q7SFF2	neucr.uniprot
3623	Q7S361	neucr.uniprot
1828	Q7SDK5	neucr.uniprot
6904	Q9HFI4	neucr.uniprot
2960	A7UWJ3	neucr.uniprot
1690	Q7SA86	neucr.uniprot
3182	Q871N8	neucr.uniprot
5742	Q8X0P6	neucr.uniprot
7342	Q872H5	neucr.uniprot
5686	Q8WZZ2	neucr.uniprot
2452	A7UXF6	neucr.uniprot
377	Q7SH94	neucr.uniprot
999	Q9C2L6	neucr.uniprot
272	Q7S121	neucr.uniprot
8931	Q96U72	neucr.uniprot
296	Q7RXI1	neucr.uniprot
4741	Q7S7U1	neucr.uniprot
5035	Q7RYW1	neucr.uniprot
2173	Q872R1	neucr.uniprot
9015	Q7S5M1	neucr.uniprot
5776	Q7SBU1	neucr.uniprot
7558	Q9P3F3	neucr.uniprot
9094	A7UWQ0	neucr.uniprot
191	Q9P6D5	neucr.uniprot
205	Q7S9J8	neucr.uniprot
6625	Q7SDK0	neucr.uniprot
6851	Q9P751	neucr.uniprot
3931	Q7S8K2	neucr.uniprot
4907	Q8WZQ3	neucr.uniprot
6569	Q96U44	neucr.uniprot
2564	Q1K7J8	neucr.uniprot
4892	Q870S8	neucr.uniprot
1446	Q7S2M5	neucr.uniprot
5536	Q8X0K7	neucr.uniprot
2492	Q9C2R3	neucr.uniprot
1875	Q7SE44	neucr.uniprot
9211	Q7RWZ0	neucr.uniprot
4073	A7UVV3	neucr.uniprot
3922	Q872D2	neucr.uniprot
3584	Q8WZU7	neucr.uniprot
322	Q7S8I4	neucr.uniprot
2486	Q873G5	neucr.uniprot
8389	Q7SFK7	neucr.uniprot
2788	Q92251	neucr.uniprot
4410	Q7SB32	neucr.uniprot
950	A7UW82	neucr.uniprot
1064	Q7S2I6	neucr.uniprot
446	Q7S0Z7	neucr.uniprot
3410	Q8X055	neucr.uniprot
4351	Q7RY81	neucr.uniprot
6844	Q7SB46	neucr.uniprot
273	Q873M1	neucr.uniprot
7225	Q8WZX9	neucr.uniprot
3181	Q9P5S8	neucr.uniprot
349	Q7S262	neucr.uniprot
6846	Q7SCD6	neucr.uniprot
3363	Q8NIT5	neucr.uniprot
2155	Q7RXI3	neucr.uniprot
6646	Q9HEE0	neucr.uniprot
3851	Q870U0	neucr.uniprot
695	Q7S7M5	neucr.uniprot
7220	Q9HEC5	neucr.uniprot
4522	Q7SFP5	neucr.uniprot
5213	Q7SBY3	neucr.uniprot
3035	Q873C6	neucr.uniprot
1120	Q8X0D1	neucr.uniprot
5878	Q871A0	neucr.uniprot
3358	A7UVV1	neucr.uniprot
944	Q7S9B2	neucr.uniprot
4124	Q7S782	neucr.uniprot
5050	Q8NIR9	neucr.uniprot
469	A7UX54	neucr.uniprot
3671	Q7RX03	neucr.uniprot
3473	A7UWM2	neucr.uniprot
2895	Q7S4U3	neucr.uniprot
7575	A7UWM9	neucr.uniprot
2199	Q7RZV6	neucr.uniprot
416	A7UW61	neucr.uniprot
25	Q9P5P3	neucr.uniprot
2724	Q9P6D3	neucr.uniprot
4106	A7UWI6	neucr.uniprot
9485	Q8WZZ7	neucr.uniprot
177	Q9P384	neucr.uniprot
5087	Q9P6Y6	neucr.uniprot
2457	Q7S9L6	neucr.uniprot
2089	Q9P4Z5	neucr.uniprot
3469	Q870Y8	neucr.uniprot
1865	Q9HEF6	neucr.uniprot
5045	Q7S8A9	neucr.uniprot
2083	Q7SFF7	neucr.uniprot
4335	Q9HEG5	neucr.uniprot
2207	Q9C2G0	neucr.uniprot
6906	Q8X047	neucr.uniprot
5758	Q7S103	neucr.uniprot
6725	Q9C1L0	neucr.uniprot
2252	Q9P391	neucr.uniprot
6980	Q9P691	neucr.uniprot
8407	Q871Z3	neucr.uniprot
6096	Q8X0W3	neucr.uniprot
5924	Q873H7	neucr.uniprot
4952	Q7SDG3	neucr.uniprot
2133	Q7RV91	neucr.uniprot
399	Q8NIW5	neucr.uniprot
3662	Q9P5Z3	neucr.uniprot
5962	Q6MUZ8	neucr.uniprot
1711	A7UWJ6	neucr.uniprot
6494	Q7S0L9	neucr.uniprot
6418	Q7S1B8	neucr.uniprot
4517	Q7S6L2	neucr.uniprot
9655	Q8X029	neucr.uniprot
7198	Q9P6X3	neucr.uniprot
5581	Q870N1	neucr.uniprot
4038	Q871D8	neucr.uniprot
882	Q9P532	neucr.uniprot
116	Q872A2	neucr.uniprot
637	Q8NIU4	neucr.uniprot
6213	Q8X0B2	neucr.uniprot
6353	Q7RVT9	neucr.uniprot
3021	Q8X0Y1	neucr.uniprot
31	Q7S5J6	neucr.uniprot
781	Q872D9	neucr.uniprot
917	Q7RXL2	neucr.uniprot
8949	Q7S1A6	neucr.uniprot
7873	Q7S9X3	neucr.uniprot
3110	Q7SDX2	neucr.uniprot
3808	Q8X0B6	neucr.uniprot
9071	A7UWM1	neucr.uniprot
6869	Q9P603	neucr.uniprot
5076	Q9C2G6	neucr.uniprot
8976	Q9P6Y1	neucr.uniprot
3835	Q86ZG4	neucr.uniprot
993	A7UXG0	neucr.uniprot
8509	Q872V2	neucr.uniprot
627	Q8X0N6	neucr.uniprot
1814	Q9HGR2	neucr.uniprot
7245	Q7SCI0	neucr.uniprot
9123	Q96U86	neucr.uniprot
5128	Q7SDH6	neucr.uniprot
4576	Q7SGV0	neucr.uniprot
2478	Q86ZI8	neucr.uniprot
6947	Q7RW33	neucr.uniprot
9381	Q8X0E2	neucr.uniprot
6128	Q7S6L4	neucr.uniprot
5312	Q7RY87	neucr.uniprot
3111	Q8WZV3	neucr.uniprot
426	Q8X0Y3	neucr.uniprot
3697	Q7SHN5	neucr.uniprot
8437	Q7S8A8	neucr.uniprot
3131	Q871U5	neucr.uniprot
2768	Q7S152	neucr.uniprot
400	A7UWR1	neucr.uniprot
7696	Q8X0X5	neucr.uniprot
7678	Q1K4T3	neucr.uniprot
2716	Q7SBW7	neucr.uniprot
3702	Q7SAI7	neucr.uniprot
4304	Q9P719	neucr.uniprot
3609	Q871P1	neucr.uniprot
2336	Q7RV73	neucr.uniprot
708	Q870T2	neucr.uniprot
2061	Q9HE65	neucr.uniprot
2276	Q9P3K5	neucr.uniprot
5299	Q8X009	neucr.uniprot
7565	Q871Q5	neucr.uniprot
837	A7UW30	neucr.uniprot
7118	Q7RW77	neucr.uniprot
4554	Q8X0B7	neucr.uniprot
4558	Q7S4T4	neucr.uniprot
2867	Q9HE24	neucr.uniprot
4983	Q9P5Y5	neucr.uniprot
7631	Q7RXK0	neucr.uniprot
5187	Q7RWT8	neucr.uniprot
3025	Q873H8	neucr.uniprot
6454	Q7RW72	neucr.uniprot
3212	Q7S2E7	neucr.uniprot
6520	Q7RXD9	neucr.uniprot
7299	Q871V7	neucr.uniprot
3027	Q9HE30	neucr.uniprot
1410	Q870U6	neucr.uniprot
9003	Q871C9	neucr.uniprot
4951	A7UX38	neucr.uniprot
6035	Q9P6Y0	neucr.uniprot
7459	A7UW51	neucr.uniprot
6394	Q96TZ8	neucr.uniprot
8263	Q7S964	neucr.uniprot
2458	Q7S1J5	neucr.uniprot
1870	Q7S1F7	neucr.uniprot
8052	A7UXG1	neucr.uniprot
6167	Q7SC25	neucr.uniprot
7268	Q7SAQ8	neucr.uniprot
634	Q8NK79	neucr.uniprot
5360	Q7RXM9	neucr.uniprot
4150	Q7SHZ3	neucr.uniprot
4032	Q86ZH2	neucr.uniprot
8521	Q9HEI6	neucr.uniprot
5749	Q6MVT9	neucr.uniprot
2579	Q7S8Q3	neucr.uniprot
1546	A7UWU4	neucr.uniprot
7753	A7UVV9	neucr.uniprot
5661	A7UVT2	neucr.uniprot
4276	A7UVS5	neucr.uniprot
3224	Q8X0K2	neucr.uniprot
928	Q7SG29	neucr.uniprot
3231	Q873J7	neucr.uniprot
7378	Q9C2R5	neucr.uniprot
8854	Q8WZR4	neucr.uniprot
1803	Q7S8E5	neucr.uniprot
1648	Q871D9	neucr.uniprot
8376	Q9C2L5	neucr.uniprot
4904	Q7S2X5	neucr.uniprot
6808	Q7RZ11	neucr.uniprot
2666	Q7SFD1	neucr.uniprot
4629	Q7SE04	neucr.uniprot
8752	Q7S6P5	neucr.uniprot
1076	Q7RWJ8	neucr.uniprot
3880	Q9P5K2	neucr.uniprot
7674	Q872J7	neucr.uniprot
9764	A7UVW2	neucr.uniprot
2691	Q872J4	neucr.uniprot
3052	Q8NIX5	neucr.uniprot
9045	Q9P5M4	neucr.uniprot
2731	Q8X0Q8	neucr.uniprot
2728	Q7S4A4	neucr.uniprot
4677	Q7S7Q1	neucr.uniprot
350	Q9P385	neucr.uniprot
6813	Q9P753	neucr.uniprot
1851	Q86ZG3	neucr.uniprot
6433	A7UW12	neucr.uniprot
5889	Q7S2F9	neucr.uniprot
9385	Q7S0A2	neucr.uniprot
4839	Q872V0	neucr.uniprot
3700	Q7SA81	neucr.uniprot
4460	Q871X4	neucr.uniprot
1138	Q7S9M1	neucr.uniprot
9421	Q871Q0	neucr.uniprot
8451	Q7RWU8	neucr.uniprot
7174	Q8WZQ1	neucr.uniprot
8947	Q7SEB9	neucr.uniprot
3263	A7UW56	neucr.uniprot
9225	Q870U2	neucr.uniprot
9356	Q9HEM5	neucr.uniprot
6278	Q870N8	neucr.uniprot
7197	Q7RW04	neucr.uniprot
2314	Q9P6T9	neucr.uniprot
6842	A7UWC2	neucr.uniprot
4552	Q8X096	neucr.uniprot
5795	Q7SGJ3	neucr.uniprot
3046	Q872M2	neucr.uniprot
380	Q9P702	neucr.uniprot
1047	Q7SDN6	neucr.uniprot
8640	A7UVS6	neucr.uniprot
7559	Q871J8	neucr.uniprot
860	Q8WZZ9	neucr.uniprot
6664	Q8X0N7	neucr.uniprot
6921	Q9C2A5	neucr.uniprot
8305	Q9P660	neucr.uniprot
5225	Q9C2K6	neucr.uniprot
798	A7UXD8	neucr.uniprot
6471	Q7SGD4	neucr.uniprot
7877	Q1K5L8	neucr.uniprot
3849	Q9HEM1	neucr.uniprot
2379	Q7SD14	neucr.uniprot
697	Q7RXM5	neucr.uniprot
8356	Q7RW39	neucr.uniprot
8599	Q7SD21	neucr.uniprot
8252	Q7RW49	neucr.uniprot
4620	Q872X9	neucr.uniprot
8236	Q8WZH4	neucr.uniprot
3038	Q7SBM5	neucr.uniprot
887	Q1K5E3	neucr.uniprot
9088	Q7S8V1	neucr.uniprot
9419	Q9C280	neucr.uniprot
4761	Q7SHC5	neucr.uniprot
8472	A7UWI1	neucr.uniprot
3425	Q7S780	neucr.uniprot
9345	Q9C2D1	neucr.uniprot
1938	Q7RYA4	neucr.uniprot
4712	Q7S2T3	neucr.uniprot
402	Q872J6	neucr.uniprot
532	Q7S444	neucr.uniprot
6585	Q7RXX5	neucr.uniprot
8953	Q7S7Q8	neucr.uniprot
3276	Q7RYF3	neucr.uniprot
6740	Q9C2D9	neucr.uniprot
8972	Q7S7H4	neucr.uniprot
9518	Q1K4T4	neucr.uniprot
4773	A7UW58	neucr.uniprot
7058	Q9P5L3	neucr.uniprot
4219	Q96TZ3	neucr.uniprot
4674	A7UVT9	neucr.uniprot
5212	Q8X023	neucr.uniprot
5732	Q96U20	neucr.uniprot
4133	Q8X0H5	neucr.uniprot
6383	Q7S6P4	neucr.uniprot
4148	Q7SAW1	neucr.uniprot
130	Q8NIS1	neucr.uniprot
7133	Q7S419	neucr.uniprot
7852	Q9P566	neucr.uniprot
3859	Q872S5	neucr.uniprot
5616	Q96UQ2	neucr.uniprot
1351	Q7SGD5	neucr.uniprot
2887	Q7S4T7	neucr.uniprot
9256	Q7SHZ7	neucr.uniprot
211	Q1K6B8	neucr.uniprot
6701	Q9P3Q0	neucr.uniprot
3774	Q9P3G9	neucr.uniprot
7757	Q96U45	neucr.uniprot
6009	Q872B8	neucr.uniprot
9036	Q7S3E6	neucr.uniprot
144	Q9HEJ2	neucr.uniprot
8667	Q7S1R8	neucr.uniprot
4690	Q871J2	neucr.uniprot
2962	Q7S3U3	neucr.uniprot
644	Q871P9	neucr.uniprot
6052	Q871C2	neucr.uniprot
7189	Q7SDP8	neucr.uniprot
6176	Q872N1	neucr.uniprot
6859	Q7RXZ4	neucr.uniprot
2910	Q7SBT1	neucr.uniprot
2184	Q7RUW7	neucr.uniprot
2980	Q7SCJ0	neucr.uniprot
9760	Q7S5Y8	neucr.uniprot
5090	Q7S646	neucr.uniprot
7398	Q7S170	neucr.uniprot
7904	Q871H3	neucr.uniprot
9630	Q7S5Z3	neucr.uniprot
2704	Q7RZY7	neucr.uniprot
5798	A7UW02	neucr.uniprot
7846	Q872L7	neucr.uniprot
1209	A7UX81	neucr.uniprot
7126	Q7S6D5	neucr.uniprot
4973	Q873E6	neucr.uniprot
5070	Q9P540	neucr.uniprot
483	Q9P5Y4	neucr.uniprot
8062	Q7S848	neucr.uniprot
1939	Q8X028	neucr.uniprot
9146	Q872Z6	neucr.uniprot
7062	Q872S1	neucr.uniprot
2955	Q7SFR0	neucr.uniprot
8012	Q872H8	neucr.uniprot
3945	Q871J7	neucr.uniprot
8370	Q7S935	neucr.uniprot
6836	Q7RU34	neucr.uniprot
8427	Q9C272	neucr.uniprot
3234	Q7S1N6	neucr.uniprot
9135	Q9P6U6	neucr.uniprot
3485	A7UXG7	neucr.uniprot
2920	A7UWQ1	neucr.uniprot
3558	Q96UD3	neucr.uniprot
4386	Q872W5	neucr.uniprot
2044	A7UWI0	neucr.uniprot
6870	Q1K6D0	neucr.uniprot
6645	Q7SCV9	neucr.uniprot
1237	Q7SCQ4	neucr.uniprot
2330	Q9P6V5	neucr.uniprot
1906	Q870N2	neucr.uniprot
8666	Q872J0	neucr.uniprot
1142	Q9P746	neucr.uniprot
4683	Q9P722	neucr.uniprot
7866	Q96TY9	neucr.uniprot
1063	Q7SC78	neucr.uniprot
9468	Q872G0	neucr.uniprot
9207	Q7RZT2	neucr.uniprot
2152	A7UWC5	neucr.uniprot
1940	Q9P5Z9	neucr.uniprot
7110	A7UWX5	neucr.uniprot
2800	Q8X0B3	neucr.uniprot
702	Q8X0V3	neucr.uniprot
9469	Q96UB8	neucr.uniprot
9495	Q96TZ9	neucr.uniprot
6259	Q7RZX2	neucr.uniprot
6495	Q872B3	neucr.uniprot
2274	Q871N0	neucr.uniprot
2586	Q7SE65	neucr.uniprot
8169	A7UW35	neucr.uniprot
6119	A7UXH7	neucr.uniprot
7132	Q7S7V3	neucr.uniprot
3855	Q7RX96	neucr.uniprot
2085	Q9P5V4	neucr.uniprot
3094	Q871L3	neucr.uniprot
9426	Q9HEL0	neucr.uniprot
4075	Q7S4B6	neucr.uniprot
7967	Q7S822	neucr.uniprot
2613	Q7S5C6	neucr.uniprot
4183	Q7S6K4	neucr.uniprot
6628	Q870V9	neucr.uniprot
5630	Q871C0	neucr.uniprot
6361	Q7SC19	neucr.uniprot
4991	Q7SG82	neucr.uniprot
5017	Q7SBN7	neucr.uniprot
4975	Q9C213	neucr.uniprot
4420	Q96TX7	neucr.uniprot
212	Q7SCT9	neucr.uniprot
8754	A7UWN0	neucr.uniprot
2623	Q8X0M8	neucr.uniprot
8333	Q8NJ02	neucr.uniprot
2858	Q7S247	neucr.uniprot
3781	Q7SBY5	neucr.uniprot
5461	Q1K4T5	neucr.uniprot
5744	Q9P5V3	neucr.uniprot
3796	A7UXH3	neucr.uniprot
9557	Q9C235	neucr.uniprot
2999	Q7S8F3	neucr.uniprot
3364	Q7SGS7	neucr.uniprot
6949	Q7RX93	neucr.uniprot
9290	Q1K8Z9	neucr.uniprot
3942	Q8WZW6	neucr.uniprot
1320	Q8WZX8	neucr.uniprot
3938	Q8X0A3	neucr.uniprot
3092	Q7SEZ1	neucr.uniprot
8307	Q9C2C7	neucr.uniprot
2959	Q873I6	neucr.uniprot
7946	Q8X0G1	neucr.uniprot
518	A7UW43	neucr.uniprot
6826	A7UWC6	neucr.uniprot
4789	Q7S1Q0	neucr.uniprot
110	Q1K6F4	neucr.uniprot
5683	Q8WZQ6	neucr.uniprot
2406	Q7S788	neucr.uniprot
8626	Q870Q0	neucr.uniprot
1735	A7UW09	neucr.uniprot
5592	Q871F7	neucr.uniprot
4457	Q872R9	neucr.uniprot
1913	A7UXH5	neucr.uniprot
7016	Q7S3C3	neucr.uniprot
4207	Q8X0R2	neucr.uniprot
5956	Q7SBL3	neucr.uniprot
2658	Q7SD60	neucr.uniprot
3442	Q7RVW0	neucr.uniprot
8074	Q7S5A9	neucr.uniprot
2675	Q873E7	neucr.uniprot
7178	Q8X0A5	neucr.uniprot
2123	Q7S7Q2	neucr.uniprot
7258	Q7RWW2	neucr.uniprot
2914	Q9C229	neucr.uniprot
3654	Q8WZS5	neucr.uniprot
8524	Q7SFV7	neucr.uniprot
8179	Q9P3S5	neucr.uniprot
870	Q9P558	neucr.uniprot
8055	Q872H7	neucr.uniprot
4692	Q7RVT2	neucr.uniprot
8950	Q8X1U8	neucr.uniprot
5486	Q7S8W2	neucr.uniprot
242	Q96VU7	neucr.uniprot
1754	Q872F6	neucr.uniprot
138	Q7SCE0	neucr.uniprot
1753	Q873B2	neucr.uniprot
4117	Q9C2K1	neucr.uniprot
7123	Q9P3F6	neucr.uniprot
5918	Q7SGC5	neucr.uniprot
9169	Q7S089	neucr.uniprot
1965	Q8NIV8	neucr.uniprot
4426	Q7RW41	neucr.uniprot
7996	Q9C2K5	neucr.uniprot
7275	Q8NIY8	neucr.uniprot
3210	Q873J9	neucr.uniprot
2659	Q7SBQ6	neucr.uniprot
6463	Q7S648	neucr.uniprot
8096	Q9P6C2	neucr.uniprot
1542	Q7SBX3	neucr.uniprot
7799	Q9C2H7	neucr.uniprot
6502	Q7SE57	neucr.uniprot
9358	Q8NIX9	neucr.uniprot
8984	Q96UE2	neucr.uniprot
6878	Q871S0	neucr.uniprot
7669	Q7S2X3	neucr.uniprot
4085	Q7S0K2	neucr.uniprot
2263	Q870R6	neucr.uniprot
1677	Q7RZS9	neucr.uniprot
3188	Q8NIZ8	neucr.uniprot
4274	Q9P517	neucr.uniprot
3930	Q96U67	neucr.uniprot
3148	Q7S9H3	neucr.uniprot
5394	Q9P5J4	neucr.uniprot
1339	Q9C2K0	neucr.uniprot
5347	Q9C2E4	neucr.uniprot
5107	Q872Z3	neucr.uniprot
6666	Q7S7J4	neucr.uniprot
9024	Q7S382	neucr.uniprot
9315	Q9P6C4	neucr.uniprot
3668	Q9C2P6	neucr.uniprot
1159	Q9P6D6	neucr.uniprot
3019	Q7SBQ3	neucr.uniprot
4528	Q7SG10	neucr.uniprot
3123	Q8X0A8	neucr.uniprot
8733	Q7SCK6	neucr.uniprot
6610	Q7SA52	neucr.uniprot
4539	Q86ZI7	neucr.uniprot
2589	Q8NIV5	neucr.uniprot
1549	Q872Y7	neucr.uniprot
2431	Q7RZS5	neucr.uniprot
148	Q96U94	neucr.uniprot
8598	A7UWY0	neucr.uniprot
828	Q871I4	neucr.uniprot
1406	Q8X085	neucr.uniprot
7491	Q9P3I9	neucr.uniprot
5763	Q9C1I9	neucr.uniprot
1143	Q870V5	neucr.uniprot
6094	A7UWE7	neucr.uniprot
6080	Q6M986	neucr.uniprot
9594	Q870Z5	neucr.uniprot
1098	A7UWC9	neucr.uniprot
5605	Q872A8	neucr.uniprot
4792	Q7S6P2	neucr.uniprot
4611	Q7S7E0	neucr.uniprot
8957	A7UX82	neucr.uniprot
5823	A7UVW0	neucr.uniprot
1801	Q9C217	neucr.uniprot
250	Q7RWI0	neucr.uniprot
6865	Q7SH20	neucr.uniprot
5935	Q9P710	neucr.uniprot
4123	Q872G3	neucr.uniprot
3413	Q7SCY2	neucr.uniprot
4798	Q7S5D8	neucr.uniprot
5668	Q8X0V7	neucr.uniprot
4903	Q872Y0	neucr.uniprot
4078	Q8X048	neucr.uniprot
4966	Q7SAT6	neucr.uniprot
325	Q9HEC6	neucr.uniprot
6486	Q7S7J1	neucr.uniprot
6373	A7UWT7	neucr.uniprot
9673	Q9P4Y1	neucr.uniprot
8574	Q8X0E7	neucr.uniprot
7546	A7UWP5	neucr.uniprot
2210	A7UWN8	neucr.uniprot
6264	Q96U47	neucr.uniprot
8560	Q8X041	neucr.uniprot
9613	Q871B3	neucr.uniprot
6318	Q96U74	neucr.uniprot
9704	A7UWG2	neucr.uniprot
9691	Q7S7U8	neucr.uniprot
2250	Q7S1I5	neucr.uniprot
8496	Q7SA96	neucr.uniprot
8346	Q7S6J2	neucr.uniprot
9748	Q9C1J1	neucr.uniprot
7221	Q8X056	neucr.uniprot
488	Q7S4M7	neucr.uniprot
749	Q7RXQ2	neucr.uniprot
9710	Q7SE41	neucr.uniprot
5161	Q7SA79	neucr.uniprot
732	Q9C276	neucr.uniprot
649	Q8X050	neucr.uniprot
8349	Q7S485	neucr.uniprot
419	A7UWG9	neucr.uniprot
6485	Q7RWN8	neucr.uniprot
6047	Q8X093	neucr.uniprot
791	Q8X022	neucr.uniprot
9543	Q8WZZ0	neucr.uniprot
410	Q873K7	neucr.uniprot
6453	A7UWB9	neucr.uniprot
366	Q9P3G4	neucr.uniprot
2281	A7UX79	neucr.uniprot
1372	Q6MVS4	neucr.uniprot
3472	Q96U14	neucr.uniprot
8817	Q871E2	neucr.uniprot
3436	Q871H6	neucr.uniprot
3217	Q9P519	neucr.uniprot
3064	Q871D2	neucr.uniprot
4538	Q8NJ13	neucr.uniprot
8499	Q7S0T9	neucr.uniprot
9406	Q7SEU2	neucr.uniprot
4724	Q7S087	neucr.uniprot
5159	Q7SGA5	neucr.uniprot
1901	Q7S7J0	neucr.uniprot
5778	Q873A8	neucr.uniprot
1267	Q7RWP3	neucr.uniprot
4543	Q8WZZ4	neucr.uniprot
4943	A7UXF7	neucr.uniprot
816	Q871R4	neucr.uniprot
7274	A7UX07	neucr.uniprot
3108	Q7S287	neucr.uniprot
2000	Q7S2X1	neucr.uniprot
1642	Q7SAD3	neucr.uniprot
9000	Q9C225	neucr.uniprot
3741	Q9P5W8	neucr.uniprot
1094	Q9HEB4	neucr.uniprot
2361	Q9P5Z4	neucr.uniprot
6650	Q870Z8	neucr.uniprot
1160	Q7RYR7	neucr.uniprot
6482	Q872P1	neucr.uniprot
7150	Q9P661	neucr.uniprot
9718	Q8X0P0	neucr.uniprot
3004	Q7S775	neucr.uniprot
3143	Q7SHL1	neucr.uniprot
8762	Q872G2	neucr.uniprot
6111	Q9P3A0	neucr.uniprot
9553	Q7RWF4	neucr.uniprot
9108	Q7SAS5	neucr.uniprot
5836	Q9UUX9	neucr.uniprot
6331	Q7S554	neucr.uniprot
6483	Q6MWT9	neucr.uniprot
157	Q9HEH3	neucr.uniprot
1567	Q7S1E9	neucr.uniprot
2145	Q7S2D0	neucr.uniprot
4612	Q9HEK7	neucr.uniprot
5667	Q7SFH2	neucr.uniprot
415	Q7RVQ7	neucr.uniprot
8830	Q8X0H4	neucr.uniprot
8538	Q872X0	neucr.uniprot
8299	Q9C275	neucr.uniprot
9128	Q7SG84	neucr.uniprot
5245	A7UX69	neucr.uniprot
737	Q872J2	neucr.uniprot
373	Q8NIY4	neucr.uniprot
7496	Q7SHP1	neucr.uniprot
5129	A7UX35	neucr.uniprot
3917	Q9P3F1	neucr.uniprot
4498	Q96TZ2	neucr.uniprot
795	Q7S6A4	neucr.uniprot
7547	A7UVU8	neucr.uniprot
1087	Q7SBI1	neucr.uniprot
2701	Q7S1Y3	neucr.uniprot
5759	Q8WZV9	neucr.uniprot
5741	Q7S4F5	neucr.uniprot
5689	Q873E9	neucr.uniprot
128	Q8WZQ4	neucr.uniprot
1411	Q7S7S8	neucr.uniprot
3323	Q7RW12	neucr.uniprot
5341	Q871L6	neucr.uniprot
6480	Q7S5J2	neucr.uniprot
9278	Q7SHX0	neucr.uniprot
4613	Q7SF33	neucr.uniprot
2583	Q9P389	neucr.uniprot
5743	Q8X0W1	neucr.uniprot
5899	Q8X026	neucr.uniprot
7226	Q872M8	neucr.uniprot
9812	Q7S474	neucr.uniprot
2052	Q7S580	neucr.uniprot
9187	Q9P6U5	neucr.uniprot
7935	Q7S5P4	neucr.uniprot
7787	Q7S7Y1	neucr.uniprot
1466	Q872P8	neucr.uniprot
1054	Q7SGN8	neucr.uniprot
5323	Q7S4X4	neucr.uniprot
2967	Q7S9W3	neucr.uniprot
5898	Q871E9	neucr.uniprot
3798	Q7SGU6	neucr.uniprot
7664	Q8NIX8	neucr.uniprot
8841	A7UVZ1	neucr.uniprot
4762	A7UWS4	neucr.uniprot
3787	Q7S794	neucr.uniprot
1030	Q8WZQ5	neucr.uniprot
1502	Q96UB5	neucr.uniprot
300	Q8X0X8	neucr.uniprot
8063	Q7SCR5	neucr.uniprot
8744	Q872T8	neucr.uniprot
7992	Q7S5Q0	neucr.uniprot
1786	Q8NJW1	neucr.uniprot
3290	Q1K576	neucr.uniprot
1079	Q7RZG1	neucr.uniprot
5709	A7UXC4	neucr.uniprot
9363	Q8NIX0	neucr.uniprot
1317	Q7SC99	neucr.uniprot
623	A7UWR6	neucr.uniprot
6038	Q8NIT1	neucr.uniprot
7294	Q7S2A0	neucr.uniprot
2882	Q7SI38	neucr.uniprot
5385	Q7S7B0	neucr.uniprot
8552	Q7S4X2	neucr.uniprot
6983	A7UWY6	neucr.uniprot
534	Q871F2	neucr.uniprot
9467	Q871X3	neucr.uniprot
8573	Q7SDT9	neucr.uniprot
7882	Q7S7D7	neucr.uniprot
8285	Q7RYY2	neucr.uniprot
6178	Q7S5R7	neucr.uniprot
8500	Q7RXI4	neucr.uniprot
3521	Q7RXN4	neucr.uniprot
5621	A7UWF4	neucr.uniprot
5767	Q7S8J3	neucr.uniprot
9706	Q8X0S8	neucr.uniprot
2315	Q872E2	neucr.uniprot
5067	Q7SA84	neucr.uniprot
6102	Q7RY69	neucr.uniprot
4385	Q872P7	neucr.uniprot
1105	Q7S2N4	neucr.uniprot
5703	A7UVT1	neucr.uniprot
3409	Q873D8	neucr.uniprot
5032	Q8X0D8	neucr.uniprot
5183	Q9P631	neucr.uniprot
3577	Q7RYN8	neucr.uniprot
6196	A7UWW5	neucr.uniprot
5216	Q8X0U5	neucr.uniprot
6572	Q8X0V5	neucr.uniprot
9442	A7UVY3	neucr.uniprot
975	Q8X0A4	neucr.uniprot
6723	Q7SG53	neucr.uniprot
3377	Q7S9H1	neucr.uniprot
3031	Q9P6E2	neucr.uniprot
5164	Q7RYH3	neucr.uniprot
4734	Q7RYQ8	neucr.uniprot
9460	Q9C2B5	neucr.uniprot
4187	Q7SFY4	neucr.uniprot
2640	Q7S934	neucr.uniprot
731	A7UWU0	neucr.uniprot
2842	Q7S046	neucr.uniprot
8999	Q9P557	neucr.uniprot
1644	Q7S6D0	neucr.uniprot
1366	Q9C262	neucr.uniprot
4638	A7UWS3	neucr.uniprot
6696	Q7SBG5	neucr.uniprot
1389	Q9P6E7	neucr.uniprot
8835	Q871I5	neucr.uniprot
5080	Q7SHJ2	neucr.uniprot
3883	Q7S975	neucr.uniprot
401	Q7S976	neucr.uniprot
5284	Q8X0R8	neucr.uniprot
5169	Q7SE97	neucr.uniprot
3692	Q7RZ53	neucr.uniprot
7002	Q7RW84	neucr.uniprot
2636	Q7S7S5	neucr.uniprot
6246	Q870Q6	neucr.uniprot
3793	Q7SDB6	neucr.uniprot
9528	Q870Z7	neucr.uniprot
2964	Q8WZY0	neucr.uniprot
9329	Q7RXS7	neucr.uniprot
6986	Q7SCD0	neucr.uniprot
8726	Q8X006	neucr.uniprot
6847	Q872H9	neucr.uniprot
6194	Q9HEL1	neucr.uniprot
919	A7UWP9	neucr.uniprot
8245	Q9HEB2	neucr.uniprot
5443	Q1K940	neucr.uniprot
2208	Q870Y5	neucr.uniprot
5263	Q871T3	neucr.uniprot
2373	Q8X0G3	neucr.uniprot
4819	Q873B3	neucr.uniprot
310	Q7S2T1	neucr.uniprot
8703	A7UW40	neucr.uniprot
793	A7UWY9	neucr.uniprot
531	Q9C0R0	neucr.uniprot
5138	Q7SC87	neucr.uniprot
4811	A7UWK2	neucr.uniprot
4665	Q7SC20	neucr.uniprot
7145	Q871V5	neucr.uniprot
9825	A7UVX9	neucr.uniprot
3112	Q871T0	neucr.uniprot
1819	Q9HEB1	neucr.uniprot
6795	Q96U92	neucr.uniprot
6168	A7UWC3	neucr.uniprot
9462	Q872F2	neucr.uniprot
2836	Q872I8	neucr.uniprot
906	Q7S3T7	neucr.uniprot
8326	Q9P3N4	neucr.uniprot
8469	Q1K7P6	neucr.uniprot
8023	Q7S5P3	neucr.uniprot
6511	Q7SI26	neucr.uniprot
7820	Q7SER2	neucr.uniprot
9799	Q870X0	neucr.uniprot
7617	Q7S541	neucr.uniprot
7621	Q9P514	neucr.uniprot
8685	Q873K5	neucr.uniprot
5510	Q7S9L1	neucr.uniprot
2745	Q7SFW0	neucr.uniprot
1740	Q873E2	neucr.uniprot
8414	Q9P3Q7	neucr.uniprot
1808	Q872W3	neucr.uniprot
2661	Q96UC9	neucr.uniprot
774	Q8X0B1	neucr.uniprot
9434	Q7S4A8	neucr.uniprot
3184	A7UWZ2	neucr.uniprot
4785	Q8X0M7	neucr.uniprot
9006	Q9HE29	neucr.uniprot
8436	Q7RYT3	neucr.uniprot
4317	A7UVZ3	neucr.uniprot
5850	Q7S9W8	neucr.uniprot
2049	Q7SDS5	neucr.uniprot
6809	Q872R3	neucr.uniprot
2474	Q871I0	neucr.uniprot
4957	Q9C2D7	neucr.uniprot
9438	Q8WZX0	neucr.uniprot
6821	A7UXF1	neucr.uniprot
8386	Q7RY70	neucr.uniprot
3957	Q9P6E6	neucr.uniprot
2567	Q7S1G0	neucr.uniprot
1316	Q7SH12	neucr.uniprot
3884	Q7RZW7	neucr.uniprot
5000	A7UW50	neucr.uniprot
6067	Q9P752	neucr.uniprot
1153	Q8WZQ2	neucr.uniprot
3183	Q7S5U5	neucr.uniprot
1896	Q870T4	neucr.uniprot
8977	Q7SBJ2	neucr.uniprot
4661	A7UVZ8	neucr.uniprot
5324	Q9HFK0	neucr.uniprot
1227	Q7SH82	neucr.uniprot
8362	Q870Q2	neucr.uniprot
1602	Q7S7B9	neucr.uniprot
2645	Q7RW38	neucr.uniprot
4192	Q8X0T6	neucr.uniprot
1331	Q8X058	neucr.uniprot
6227	Q7RXN5	neucr.uniprot
1382	Q8X0A1	neucr.uniprot
4982	Q7S9K0	neucr.uniprot
4415	Q873C4	neucr.uniprot
4616	Q7S6X0	neucr.uniprot
10	Q7RXN2	neucr.uniprot
7755	Q7RYX7	neucr.uniprot
1824	Q871B1	neucr.uniprot
4604	Q9C2I9	neucr.uniprot
3063	Q870W7	neucr.uniprot
307	Q872D4	neucr.uniprot
1651	Q7RYC1	neucr.uniprot
8765	Q9HED2	neucr.uniprot
2325	Q9P543	neucr.uniprot
9397	Q7S151	neucr.uniprot
8930	A7UW25	neucr.uniprot
2354	Q7S1B6	neucr.uniprot
5487	A7UW20	neucr.uniprot
7701	Q7S4U7	neucr.uniprot
2851	Q9P5V8	neucr.uniprot
277	Q7SEE0	neucr.uniprot
2127	Q873B5	neucr.uniprot
6504	Q8WZU8	neucr.uniprot
8258	Q9P692	neucr.uniprot
2331	Q7SB28	neucr.uniprot
5827	A7UXC5	neucr.uniprot
7733	Q872G6	neucr.uniprot
3561	Q873F9	neucr.uniprot
894	Q871X0	neucr.uniprot
3459	Q7RZN8	neucr.uniprot
5812	Q7RXW7	neucr.uniprot
9531	Q8WZV2	neucr.uniprot
7968	A7UWV6	neucr.uniprot
7046	Q96U26	neucr.uniprot
8101	Q9C271	neucr.uniprot
3097	Q8WZR8	neucr.uniprot
1579	Q7S639	neucr.uniprot
6016	Q7S4W5	neucr.uniprot
8082	Q9P5X1	neucr.uniprot
7775	Q7S506	neucr.uniprot
9353	Q96U77	neucr.uniprot
2993	Q7SD90	neucr.uniprot
6477	Q7S7D1	neucr.uniprot
1788	Q9HEK5	neucr.uniprot
7976	Q7S6B0	neucr.uniprot
5724	Q7RXL5	neucr.uniprot
5739	A7UWX9	neucr.uniprot
2700	Q7S7U7	neucr.uniprot
9240	Q7S4L7	neucr.uniprot
7763	Q9HE36	neucr.uniprot
2575	Q8X0M6	neucr.uniprot
378	Q7SBQ4	neucr.uniprot
3429	Q9P3H3	neucr.uniprot
5954	Q7S160	neucr.uniprot
6819	Q8X0V8	neucr.uniprot
7148	Q9C2P8	neucr.uniprot
5897	Q872R7	neucr.uniprot
2850	A7UWK8	neucr.uniprot
383	Q6MW59	neucr.uniprot
7051	Q8X0F9	neucr.uniprot
5851	Q9P600	neucr.uniprot
3441	Q872N7	neucr.uniprot
1947	Q7S1K9	neucr.uniprot
4997	Q7SBY9	neucr.uniprot
1817	Q7S4K2	neucr.uniprot
9537	Q7S3X2	neucr.uniprot
2448	Q871T1	neucr.uniprot
2427	Q7SHB4	neucr.uniprot
7270	Q872M1	neucr.uniprot
5259	Q7S3T5	neucr.uniprot
4037	Q7S038	neucr.uniprot
7038	Q9HFK3	neucr.uniprot
7978	Q9P729	neucr.uniprot
3809	Q96U49	neucr.uniprot
3665	Q871Y7	neucr.uniprot
8948	Q7SA97	neucr.uniprot
5631	Q7S996	neucr.uniprot
3518	Q7RXB3	neucr.uniprot
6293	Q96UC2	neucr.uniprot
8837	Q8X008	neucr.uniprot
1632	Q6MFG2	neucr.uniprot
515	Q8NJ06	neucr.uniprot
6820	Q9P668	neucr.uniprot
9713	Q9HEE7	neucr.uniprot
589	Q1K8P8	neucr.uniprot
6661	Q870W5	neucr.uniprot
3241	Q9P3H0	neucr.uniprot
6002	Q7SBZ0	neucr.uniprot
9260	Q9C283	neucr.uniprot
580	Q7SE47	neucr.uniprot
3651	Q8NIW8	neucr.uniprot
7871	Q7SF98	neucr.uniprot
5521	A7UWN7	neucr.uniprot
9222	Q7RWL2	neucr.uniprot
3679	Q96TX2	neucr.uniprot
3270	Q9C234	neucr.uniprot
2824	Q7SE51	neucr.uniprot
2432	Q9C2A6	neucr.uniprot
4369	Q7RX88	neucr.uniprot
7474	Q7S9M3	neucr.uniprot
6217	Q873A4	neucr.uniprot
182	Q8X0F5	neucr.uniprot
2292	A7UWN2	neucr.uniprot
1178	Q7S5Z4	neucr.uniprot
9482	Q9C2M0	neucr.uniprot
4766	Q7S6J3	neucr.uniprot
5915	A7UVT3	neucr.uniprot
9645	Q872V8	neucr.uniprot
6774	Q9C2L0	neucr.uniprot
6841	Q9P4Z0	neucr.uniprot
1078	Q871T2	neucr.uniprot
1897	Q7S2W5	neucr.uniprot
9742	Q872D5	neucr.uniprot
5577	Q7SCP5	neucr.uniprot
1190	Q7SEH9	neucr.uniprot
3799	A7UX56	neucr.uniprot
455	Q871E7	neucr.uniprot
3378	Q7S0Q7	neucr.uniprot
391	Q7SH38	neucr.uniprot
4992	Q96UC7	neucr.uniprot
8680	Q7RX36	neucr.uniprot
5352	Q1K6I1	neucr.uniprot
3534	Q96U35	neucr.uniprot
214	Q7SDP6	neucr.uniprot
2627	A7UX08	neucr.uniprot
3384	Q7SCT3	neucr.uniprot
9132	Q8X036	neucr.uniprot
8906	A7UWF9	neucr.uniprot
6924	Q871W8	neucr.uniprot
5111	Q7SF62	neucr.uniprot
2023	Q871D5	neucr.uniprot
6730	Q870P4	neucr.uniprot
3233	Q1K7X1	neucr.uniprot
5756	A7UWX0	neucr.uniprot
5575	Q96U95	neucr.uniprot
3894	Q9P6W5	neucr.uniprot
4972	Q8X0W2	neucr.uniprot
600	Q7RYB8	neucr.uniprot
1498	Q7S1I1	neucr.uniprot
3531	Q9C2B8	neucr.uniprot
8428	Q8WZR7	neucr.uniprot
6151	Q7SA14	neucr.uniprot
1562	Q7S6X3	neucr.uniprot
6464	Q8NJW7	neucr.uniprot
5150	Q9HE85	neucr.uniprot
8493	A7UXE1	neucr.uniprot
5431	Q9P6V6	neucr.uniprot
6573	Q871Y9	neucr.uniprot
3205	Q9HFK9	neucr.uniprot
57	Q873E5	neucr.uniprot
1279	Q7SHW5	neucr.uniprot
8571	Q872B7	neucr.uniprot
8392	Q870Y6	neucr.uniprot
7405	Q873F2	neucr.uniprot
8084	Q7SDZ9	neucr.uniprot
9226	Q1K786	neucr.uniprot
4454	Q7RYD5	neucr.uniprot
7447	Q7RUV6	neucr.uniprot
8266	Q1K5H6	neucr.uniprot
9463	Q871C4	neucr.uniprot
1328	Q871K7	neucr.uniprot
1691	Q7SBK0	neucr.uniprot
127	Q7S7A0	neucr.uniprot
4847	Q7RYG0	neucr.uniprot
5643	Q8X0Q2	neucr.uniprot
1975	Q871Q2	neucr.uniprot
1999	Q870S6	neucr.uniprot
4017	Q8X0C4	neucr.uniprot
7950	Q873B6	neucr.uniprot
6527	A7UXD7	neucr.uniprot
6790	Q7S422	neucr.uniprot
2295	Q873A2	neucr.uniprot
2034	Q7SAG9	neucr.uniprot
2508	Q7S0K0	neucr.uniprot
6838	Q7S6V2	neucr.uniprot
1833	Q873A3	neucr.uniprot
5601	Q9P5Z2	neucr.uniprot
3128	Q8X078	neucr.uniprot
9194	Q7S2R4	neucr.uniprot
1848	Q8X0U6	neucr.uniprot
8439	A7UWY5	neucr.uniprot
8883	Q870U5	neucr.uniprot
5876	Q8NIV7	neucr.uniprot
8801	Q7RZ83	neucr.uniprot
984	Q871W5	neucr.uniprot
8584	Q7S0V7	neucr.uniprot
5745	Q7SBC9	neucr.uniprot
744	Q9P652	neucr.uniprot
9626	Q7SEF4	neucr.uniprot
5751	Q7S056	neucr.uniprot
1982	A7UW27	neucr.uniprot
3012	Q7S643	neucr.uniprot
5012	Q7SHB8	neucr.uniprot
3694	Q871C1	neucr.uniprot
2491	Q8X0B5	neucr.uniprot
9196	Q872Y6	neucr.uniprot
3655	Q7S7Y8	neucr.uniprot
7356	Q9C2S1	neucr.uniprot
9431	Q870Y2	neucr.uniprot
4664	Q9C2B2	neucr.uniprot
593	Q7SFW2	neucr.uniprot
7384	Q7SCC8	neucr.uniprot
526	Q870X3	neucr.uniprot
7054	Q96U17	neucr.uniprot
926	A7UW13	neucr.uniprot
328	Q871C6	neucr.uniprot
3074	A7UWX6	neucr.uniprot
9703	Q86ZI9	neucr.uniprot
2345	Q9C2J1	neucr.uniprot
7056	Q872P4	neucr.uniprot
4650	Q7S9T4	neucr.uniprot
4370	A7UWR0	neucr.uniprot
2634	Q7SHT1	neucr.uniprot
5093	Q7S9D6	neucr.uniprot
4112	Q870Z2	neucr.uniprot
2139	Q7SEF6	neucr.uniprot
1951	Q9HE34	neucr.uniprot
8627	Q7S9U0	neucr.uniprot
792	A7UWV1	neucr.uniprot
7670	Q7S0Q2	neucr.uniprot
1219	Q9P3J2	neucr.uniprot
9730	Q7SBB7	neucr.uniprot
7431	Q7S8F1	neucr.uniprot
2668	Q9C2L1	neucr.uniprot
6233	Q9HEG8	neucr.uniprot
6451	Q8NJ14	neucr.uniprot
4025	Q8X0J0	neucr.uniprot
6782	Q8X054	neucr.uniprot
5379	Q9C2F0	neucr.uniprot
247	Q9P5T7	neucr.uniprot
1156	Q8WZT8	neucr.uniprot
7680	Q7SFB6	neucr.uniprot
6340	Q9HE58	neucr.uniprot
1021	Q9P3N0	neucr.uniprot
5167	Q1K732	neucr.uniprot
5186	Q9HFI3	neucr.uniprot
3709	Q7SDZ5	neucr.uniprot
2985	Q9HEK3	neucr.uniprot
68	Q9P744	neucr.uniprot
6436	Q7RWV2	neucr.uniprot
6665	Q7S4D9	neucr.uniprot
9368	A7UW57	neucr.uniprot
5895	Q7S818	neucr.uniprot
4986	Q9C2E8	neucr.uniprot
2754	Q7S9F0	neucr.uniprot
1263	A7UW69	neucr.uniprot
1354	Q7S036	neucr.uniprot
836	Q872Z5	neucr.uniprot
5295	Q7S9I8	neucr.uniprot
7446	Q9C2A4	neucr.uniprot
6100	Q8X049	neucr.uniprot
8658	Q870S5	neucr.uniprot
895	Q8X0V4	neucr.uniprot
888	Q9C227	neucr.uniprot
1015	Q873A0	neucr.uniprot
1474	Q7SEQ1	neucr.uniprot
752	Q7SGN5	neucr.uniprot
7929	Q9HE91	neucr.uniprot
6021	Q7SEZ5	neucr.uniprot
3710	Q8WZV7	neucr.uniprot
4201	Q7S0B0	neucr.uniprot
4659	Q7SC54	neucr.uniprot
4186	Q8NIT4	neucr.uniprot
2593	Q8WZP9	neucr.uniprot
8246	Q96UC5	neucr.uniprot
7393	Q7S0D3	neucr.uniprot
7321	Q7SBD7	neucr.uniprot
4343	A7UXE5	neucr.uniprot
8967	Q96U00	neucr.uniprot
3327	Q8X0F0	neucr.uniprot
1866	Q7SH32	neucr.uniprot
2643	Q96U56	neucr.uniprot
7830	Q96UA9	neucr.uniprot
8147	A7UVY4	neucr.uniprot
4606	Q9P634	neucr.uniprot
3303	Q6M9B0	neucr.uniprot
1526	Q7RYG4	neucr.uniprot
1290	Q9C2H4	neucr.uniprot
6534	Q7RZN6	neucr.uniprot
2620	Q8X0G0	neucr.uniprot
9547	Q7S0H2	neucr.uniprot
893	Q9C251	neucr.uniprot
8735	Q7S274	neucr.uniprot
1385	Q9HE44	neucr.uniprot
632	Q7S2G2	neucr.uniprot
2739	Q7S4Y1	neucr.uniprot
1909	Q7RZ33	neucr.uniprot
8895	Q7S551	neucr.uniprot
7501	Q7SCB2	neucr.uniprot
7181	Q8X081	neucr.uniprot
1640	Q8X0L3	neucr.uniprot
353	Q873L0	neucr.uniprot
5634	Q7RXY6	neucr.uniprot
73	Q871X9	neucr.uniprot
783	Q872S7	neucr.uniprot
1575	Q872F5	neucr.uniprot
7679	Q7RVN1	neucr.uniprot
2078	Q8NIX2	neucr.uniprot
4245	Q96UE0	neucr.uniprot
5874	Q7SC64	neucr.uniprot
6392	A7UWR5	neucr.uniprot
754	Q8X0R1	neucr.uniprot
5976	Q7SGN4	neucr.uniprot
7625	Q7SD70	neucr.uniprot
554	Q9P5V9	neucr.uniprot
5013	Q873J5	neucr.uniprot
6138	Q872I7	neucr.uniprot
7103	Q6MW30	neucr.uniprot
5500	Q7RXE8	neucr.uniprot
3484	Q7S4X7	neucr.uniprot
4431	Q7S3N8	neucr.uniprot
3939	A7UXG5	neucr.uniprot
1140	Q871D3	neucr.uniprot
806	Q870V2	neucr.uniprot
5566	A7UWL7	neucr.uniprot
6916	Q7S7J3	neucr.uniprot
8221	P87224	neucr.uniprot
3762	A7UWP4	neucr.uniprot
3343	Q9HEA3	neucr.uniprot
2599	Q7S6X7	neucr.uniprot
3370	Q7RWI2	neucr.uniprot
9	Q96U13	neucr.uniprot
115	Q7S8M4	neucr.uniprot
9480	Q9P396	neucr.uniprot
3572	Q9HEB6	neucr.uniprot
5318	Q7RWU9	neucr.uniprot
4046	Q96U05	neucr.uniprot
6049	Q871R5	neucr.uniprot
1304	O74297	neucr.uniprot
372	Q7SDK2	neucr.uniprot
4585	Q8X0U2	neucr.uniprot
4551	Q872D7	neucr.uniprot
8433	Q7S1L7	neucr.uniprot
4042	A7UX83	neucr.uniprot
8481	Q872T1	neucr.uniprot
8881	A7UW99	neucr.uniprot
6109	Q7SD32	neucr.uniprot
4058	Q7S734	neucr.uniprot
1489	Q8X0T5	neucr.uniprot
3272	Q8X0E3	neucr.uniprot
7687	Q7S430	neucr.uniprot
9140	Q7SB89	neucr.uniprot
2016	Q7S784	neucr.uniprot
1873	Q9P3N3	neucr.uniprot
1894	Q872X1	neucr.uniprot
4104	Q872Q7	neucr.uniprot
2377	Q7S2V8	neucr.uniprot
6796	Q7SFX8	neucr.uniprot
7525	Q873K3	neucr.uniprot
7786	Q9HE62	neucr.uniprot
9811	Q7RZG2	neucr.uniprot
7102	A7UX58	neucr.uniprot
9361	Q7S7B4	neucr.uniprot
6886	Q7RYI1	neucr.uniprot
7425	Q8NIU9	neucr.uniprot
2014	Q9HE72	neucr.uniprot
9189	Q8WZT1	neucr.uniprot
6489	Q6MGG8	neucr.uniprot
8725	Q7SEG7	neucr.uniprot
4200	Q9C2C2	neucr.uniprot
442	Q7S242	neucr.uniprot
6751	Q7RZV1	neucr.uniprot
6309	Q7S6Z8	neucr.uniprot
4210	A7UWM3	neucr.uniprot
3827	Q7S100	neucr.uniprot
2762	Q873C2	neucr.uniprot
9743	Q9HE92	neucr.uniprot
4564	A7UW98	neucr.uniprot
3225	Q7SI65	neucr.uniprot
9699	Q7RXI0	neucr.uniprot
5715	A7UX85	neucr.uniprot
1437	Q872N2	neucr.uniprot
647	A7UW81	neucr.uniprot
5081	Q7SBD0	neucr.uniprot
4203	Q8NIY7	neucr.uniprot
2560	A7UXD1	neucr.uniprot
8380	Q9P6D2	neucr.uniprot
1917	Q96U43	neucr.uniprot
3003	Q7S9Y8	neucr.uniprot
2771	Q7S502	neucr.uniprot
6003	Q7S991	neucr.uniprot
2594	Q873H3	neucr.uniprot
4723	Q8X017	neucr.uniprot
8213	Q7S2A3	neucr.uniprot
2243	A7UVX0	neucr.uniprot
9095	Q9C2Q5	neucr.uniprot
4471	Q871R1	neucr.uniprot
6929	Q7S420	neucr.uniprot
304	Q7SAK1	neucr.uniprot
5014	Q7SEM1	neucr.uniprot
9783	Q8X0C2	neucr.uniprot
9339	Q7S701	neucr.uniprot
4672	A7UX02	neucr.uniprot
3276	P10839	schpo.uniprot
3411	P22774-1	schpo.uniprot
585	Q9C0R2	schpo.uniprot
2094	Q5EAK4	schpo.uniprot
1310	Q9USQ5-1	schpo.uniprot
2175	Q9P3V9	schpo.uniprot
341	O13339-2	schpo.uniprot
2245	O13339-1	schpo.uniprot
895	Q05654	schpo.uniprot
3358	Q9UTS5-2	schpo.uniprot
3301	Q9UTJ3-2	schpo.uniprot
1582	P22774-2	schpo.uniprot
1813	P10840	schpo.uniprot
2252	P0C015	schpo.uniprot
4071	Q9UTJ3-1	schpo.uniprot
4387	P0C014	schpo.uniprot
2626	Q9UTS5-1	schpo.uniprot
3096	Q6MX59	schpo.uniprot
